# JRE version: Java(TM) SE Runtime Environment (8.0_102-b14) (build 1.8.0_102-b14)
# Java VM: Java HotSpot(TM) 64-Bit Server VM (25.102-b14 mixed mode windows-amd64 compressed oops)
Heap:
 PSYoungGen      total 972288K, used 972268K [0x000000076ab00000, 0x00000007bdf00000, 0x00000007c0000000)
  eden space 783360K, 100% used [0x000000076ab00000,0x000000079a800000,0x000000079a800000)
  from space 188928K, 99% used [0x000000079a800000,0x00000007a607b0e0,0x00000007a6080000)
  to   space 237056K, 49% used [0x00000007af780000,0x00000007b6a116b8,0x00000007bdf00000)
 ParOldGen       total 743936K, used 563404K [0x00000006c0000000, 0x00000006ed680000, 0x000000076ab00000)
  object space 743936K, 75% used [0x00000006c0000000,0x00000006e2633370,0x00000006ed680000)
 Metaspace       used 6768K, capacity 7384K, committed 7680K, reserved 1056768K
  class space    used 633K, capacity 656K, committed 768K, reserved 1048576K
GC Heap History (10 events):
Event: 9.650 GC heap after
Heap after GC invocations=15 (full 3):
 PSYoungGen      total 829440K, used 124389K [0x000000076ab00000, 0x00000007ad600000, 0x00000007c0000000)
  eden space 698368K, 0% used [0x000000076ab00000,0x000000076ab00000,0x0000000795500000)
  from space 131072K, 94% used [0x000000079fe80000,0x00000007a77f97f8,0x00000007a7e80000)
  to   space 173568K, 0% used [0x0000000795500000,0x0000000795500000,0x000000079fe80000)
 ParOldGen       total 470016K, used 286409K [0x00000006c0000000, 0x00000006dcb00000, 0x000000076ab00000)
  object space 470016K, 60% used [0x00000006c0000000,0x00000006d17b2468,0x00000006dcb00000)
 Metaspace       used 6714K, capacity 7384K, committed 7680K, reserved 1056768K
  class space    used 629K, capacity 656K, committed 768K, reserved 1048576K
}
Event: 10.848 GC heap before
{Heap before GC invocations=16 (full 3):
 PSYoungGen      total 829440K, used 822757K [0x000000076ab00000, 0x00000007ad600000, 0x00000007c0000000)
  eden space 698368K, 100% used [0x000000076ab00000,0x0000000795500000,0x0000000795500000)
  from space 131072K, 94% used [0x000000079fe80000,0x00000007a77f97f8,0x00000007a7e80000)
  to   space 173568K, 0% used [0x0000000795500000,0x0000000795500000,0x000000079fe80000)
 ParOldGen       total 470016K, used 286409K [0x00000006c0000000, 0x00000006dcb00000, 0x000000076ab00000)
  object space 470016K, 60% used [0x00000006c0000000,0x00000006d17b2468,0x00000006dcb00000)
 Metaspace       used 6739K, capacity 7384K, committed 7680K, reserved 1056768K
  class space    used 631K, capacity 656K, committed 768K, reserved 1048576K
Event: 11.069 GC heap after
Heap after GC invocations=16 (full 3):
 PSYoungGen      total 871936K, used 97144K [0x000000076ab00000, 0x00000007b1800000, 0x00000007c0000000)
  eden space 698368K, 0% used [0x000000076ab00000,0x000000076ab00000,0x0000000795500000)
  from space 173568K, 55% used [0x0000000795500000,0x000000079b3de050,0x000000079fe80000)
  to   space 175616K, 0% used [0x00000007a6c80000,0x00000007a6c80000,0x00000007b1800000)
 ParOldGen       total 470016K, used 410837K [0x00000006c0000000, 0x00000006dcb00000, 0x000000076ab00000)
  object space 470016K, 87% used [0x00000006c0000000,0x00000006d9135568,0x00000006dcb00000)
 Metaspace       used 6739K, capacity 7384K, committed 7680K, reserved 1056768K
  class space    used 631K, capacity 656K, committed 768K, reserved 1048576K
}
Event: 11.069 GC heap before
{Heap before GC invocations=17 (full 4):
 PSYoungGen      total 871936K, used 97144K [0x000000076ab00000, 0x00000007b1800000, 0x00000007c0000000)
  eden space 698368K, 0% used [0x000000076ab00000,0x000000076ab00000,0x0000000795500000)
  from space 173568K, 55% used [0x0000000795500000,0x000000079b3de050,0x000000079fe80000)
  to   space 175616K, 0% used [0x00000007a6c80000,0x00000007a6c80000,0x00000007b1800000)
 ParOldGen       total 470016K, used 410837K [0x00000006c0000000, 0x00000006dcb00000, 0x000000076ab00000)
  object space 470016K, 87% used [0x00000006c0000000,0x00000006d9135568,0x00000006dcb00000)
 Metaspace       used 6739K, capacity 7384K, committed 7680K, reserved 1056768K
  class space    used 631K, capacity 656K, committed 768K, reserved 1048576K
Event: 12.748 GC heap after
Heap after GC invocations=17 (full 4):
 PSYoungGen      total 871936K, used 34873K [0x000000076ab00000, 0x00000007b1800000, 0x00000007c0000000)
  eden space 698368K, 0% used [0x000000076ab00000,0x000000076ab00000,0x0000000795500000)
  from space 173568K, 20% used [0x0000000795500000,0x000000079770e7b8,0x000000079fe80000)
  to   space 175616K, 0% used [0x00000007a6c80000,0x00000007a6c80000,0x00000007b1800000)
 ParOldGen       total 743936K, used 469968K [0x00000006c0000000, 0x00000006ed680000, 0x000000076ab00000)
  object space 743936K, 63% used [0x00000006c0000000,0x00000006dcaf4198,0x00000006ed680000)
 Metaspace       used 6739K, capacity 7384K, committed 7680K, reserved 1056768K
  class space    used 631K, capacity 656K, committed 768K, reserved 1048576K
}
Event: 13.966 GC heap before
{Heap before GC invocations=18 (full 4):
 PSYoungGen      total 871936K, used 733241K [0x000000076ab00000, 0x00000007b1800000, 0x00000007c0000000)
  eden space 698368K, 100% used [0x000000076ab00000,0x0000000795500000,0x0000000795500000)
  from space 173568K, 20% used [0x0000000795500000,0x000000079770e7b8,0x000000079fe80000)
  to   space 175616K, 0% used [0x00000007a6c80000,0x00000007a6c80000,0x00000007b1800000)
 ParOldGen       total 743936K, used 469968K [0x00000006c0000000, 0x00000006ed680000, 0x000000076ab00000)
  object space 743936K, 63% used [0x00000006c0000000,0x00000006dcaf4198,0x00000006ed680000)
 Metaspace       used 6757K, capacity 7384K, committed 7680K, reserved 1056768K
  class space    used 632K, capacity 656K, committed 768K, reserved 1048576K
Event: 14.124 GC heap after
Heap after GC invocations=18 (full 4):
 PSYoungGen      total 958976K, used 128977K [0x000000076ab00000, 0x00000007b1900000, 0x00000007c0000000)
  eden space 783360K, 0% used [0x000000076ab00000,0x000000076ab00000,0x000000079a800000)
  from space 175616K, 73% used [0x00000007a6c80000,0x00000007aea747e8,0x00000007b1800000)
  to   space 188928K, 0% used [0x000000079a800000,0x000000079a800000,0x00000007a6080000)
 ParOldGen       total 743936K, used 469968K [0x00000006c0000000, 0x00000006ed680000, 0x000000076ab00000)
  object space 743936K, 63% used [0x00000006c0000000,0x00000006dcaf4198,0x00000006ed680000)
 Metaspace       used 6757K, capacity 7384K, committed 7680K, reserved 1056768K
  class space    used 632K, capacity 656K, committed 768K, reserved 1048576K
}
Event: 15.159 GC heap before
{Heap before GC invocations=19 (full 4):
 PSYoungGen      total 958976K, used 912337K [0x000000076ab00000, 0x00000007b1900000, 0x00000007c0000000)
  eden space 783360K, 100% used [0x000000076ab00000,0x000000079a800000,0x000000079a800000)
  from space 175616K, 73% used [0x00000007a6c80000,0x00000007aea747e8,0x00000007b1800000)
  to   space 188928K, 0% used [0x000000079a800000,0x000000079a800000,0x00000007a6080000)
 ParOldGen       total 743936K, used 469968K [0x00000006c0000000, 0x00000006ed680000, 0x000000076ab00000)
  object space 743936K, 63% used [0x00000006c0000000,0x00000006dcaf4198,0x00000006ed680000)
 Metaspace       used 6759K, capacity 7384K, committed 7680K, reserved 1056768K
  class space    used 633K, capacity 656K, committed 768K, reserved 1048576K
Event: 15.329 GC heap after
Heap after GC invocations=19 (full 4):
 PSYoungGen      total 972288K, used 188908K [0x000000076ab00000, 0x00000007bdf00000, 0x00000007c0000000)
  eden space 783360K, 0% used [0x000000076ab00000,0x000000076ab00000,0x000000079a800000)
  from space 188928K, 99% used [0x000000079a800000,0x00000007a607b0e0,0x00000007a6080000)
  to   space 237056K, 0% used [0x00000007af780000,0x00000007af780000,0x00000007bdf00000)
 ParOldGen       total 743936K, used 513343K [0x00000006c0000000, 0x00000006ed680000, 0x000000076ab00000)
  object space 743936K, 69% used [0x00000006c0000000,0x00000006df54ff70,0x00000006ed680000)
 Metaspace       used 6759K, capacity 7384K, committed 7680K, reserved 1056768K
  class space    used 633K, capacity 656K, committed 768K, reserved 1048576K
}
Event: 16.560 GC heap before
{Heap before GC invocations=20 (full 4):
 PSYoungGen      total 972288K, used 972268K [0x000000076ab00000, 0x00000007bdf00000, 0x00000007c0000000)
  eden space 783360K, 100% used [0x000000076ab00000,0x000000079a800000,0x000000079a800000)
  from space 188928K, 99% used [0x000000079a800000,0x00000007a607b0e0,0x00000007a6080000)
  to   space 237056K, 0% used [0x00000007af780000,0x00000007af780000,0x00000007bdf00000)
 ParOldGen       total 743936K, used 513343K [0x00000006c0000000, 0x00000006ed680000, 0x000000076ab00000)
  object space 743936K, 69% used [0x00000006c0000000,0x00000006df54ff70,0x00000006ed680000)
 Metaspace       used 6768K, capacity 7384K, committed 7680K, reserved 1056768K
  class space    used 633K, capacity 656K, committed 768K, reserved 1048576K

