# JRE version: Java(TM) SE Runtime Environment (8.0_102-b14) (build 1.8.0_102-b14)
# Java VM: Java HotSpot(TM) 64-Bit Server VM (25.102-b14 mixed mode windows-amd64 compressed oops)
Heap:
 PSYoungGen      total 232960K, used 194558K [0x00000000eab00000, 0x0000000100000000, 0x0000000100000000)
  eden space 116736K, 100% used [0x00000000eab00000,0x00000000f1d00000,0x00000000f1d00000)
  from space 116224K, 66% used [0x00000000f8e80000,0x00000000fda7f8b0,0x0000000100000000)
  to   space 116224K, 54% used [0x00000000f1d00000,0x00000000f5b0f0c0,0x00000000f8e80000)
 ParOldGen       total 603648K, used 543188K [0x00000000c0000000, 0x00000000e4d80000, 0x00000000eab00000)
  object space 603648K, 89% used [0x00000000c0000000,0x00000000e12751d0,0x00000000e4d80000)
 Metaspace       used 6446K, capacity 7192K, committed 7424K, reserved 1056768K
  class space    used 624K, capacity 656K, committed 768K, reserved 1048576K
GC Heap History (10 events):
Event: 10.723 GC heap after
Heap after GC invocations=8 (full 1):
 PSYoungGen      total 263168K, used 73542K [0x00000000eab00000, 0x0000000100000000, 0x0000000100000000)
  eden space 189440K, 0% used [0x00000000eab00000,0x00000000eab00000,0x00000000f6400000)
  from space 73728K, 99% used [0x00000000f6400000,0x00000000fabd19d0,0x00000000fac00000)
  to   space 86016K, 0% used [0x00000000fac00000,0x00000000fac00000,0x0000000100000000)
 ParOldGen       total 140288K, used 71401K [0x00000000c0000000, 0x00000000c8900000, 0x00000000eab00000)
  object space 140288K, 50% used [0x00000000c0000000,0x00000000c45ba488,0x00000000c8900000)
 Metaspace       used 6428K, capacity 7192K, committed 7424K, reserved 1056768K
  class space    used 624K, capacity 656K, committed 768K, reserved 1048576K
}
Event: 11.009 GC heap before
{Heap before GC invocations=9 (full 1):
 PSYoungGen      total 263168K, used 262982K [0x00000000eab00000, 0x0000000100000000, 0x0000000100000000)
  eden space 189440K, 100% used [0x00000000eab00000,0x00000000f6400000,0x00000000f6400000)
  from space 73728K, 99% used [0x00000000f6400000,0x00000000fabd19d0,0x00000000fac00000)
  to   space 86016K, 0% used [0x00000000fac00000,0x00000000fac00000,0x0000000100000000)
 ParOldGen       total 140288K, used 71401K [0x00000000c0000000, 0x00000000c8900000, 0x00000000eab00000)
  object space 140288K, 50% used [0x00000000c0000000,0x00000000c45ba488,0x00000000c8900000)
 Metaspace       used 6443K, capacity 7192K, committed 7424K, reserved 1056768K
  class space    used 624K, capacity 656K, committed 768K, reserved 1048576K
Event: 11.229 GC heap after
Heap after GC invocations=9 (full 1):
 PSYoungGen      total 202752K, used 86009K [0x00000000eab00000, 0x0000000100000000, 0x0000000100000000)
  eden space 116736K, 0% used [0x00000000eab00000,0x00000000eab00000,0x00000000f1d00000)
  from space 86016K, 99% used [0x00000000fac00000,0x00000000ffffe7f0,0x0000000100000000)
  to   space 116224K, 0% used [0x00000000f1d00000,0x00000000f1d00000,0x00000000f8e80000)
 ParOldGen       total 144384K, used 143974K [0x00000000c0000000, 0x00000000c8d00000, 0x00000000eab00000)
  object space 144384K, 99% used [0x00000000c0000000,0x00000000c8c99a90,0x00000000c8d00000)
 Metaspace       used 6443K, capacity 7192K, committed 7424K, reserved 1056768K
  class space    used 624K, capacity 656K, committed 768K, reserved 1048576K
}
Event: 11.229 GC heap before
{Heap before GC invocations=10 (full 2):
 PSYoungGen      total 202752K, used 86009K [0x00000000eab00000, 0x0000000100000000, 0x0000000100000000)
  eden space 116736K, 0% used [0x00000000eab00000,0x00000000eab00000,0x00000000f1d00000)
  from space 86016K, 99% used [0x00000000fac00000,0x00000000ffffe7f0,0x0000000100000000)
  to   space 116224K, 0% used [0x00000000f1d00000,0x00000000f1d00000,0x00000000f8e80000)
 ParOldGen       total 144384K, used 143974K [0x00000000c0000000, 0x00000000c8d00000, 0x00000000eab00000)
  object space 144384K, 99% used [0x00000000c0000000,0x00000000c8c99a90,0x00000000c8d00000)
 Metaspace       used 6443K, capacity 7192K, committed 7424K, reserved 1056768K
  class space    used 624K, capacity 656K, committed 768K, reserved 1048576K
Event: 11.932 GC heap after
Heap after GC invocations=10 (full 2):
 PSYoungGen      total 202752K, used 29865K [0x00000000eab00000, 0x0000000100000000, 0x0000000100000000)
  eden space 116736K, 0% used [0x00000000eab00000,0x00000000eab00000,0x00000000f1d00000)
  from space 86016K, 34% used [0x00000000fac00000,0x00000000fc92a7c8,0x0000000100000000)
  to   space 116224K, 0% used [0x00000000f1d00000,0x00000000f1d00000,0x00000000f8e80000)
 ParOldGen       total 266752K, used 144213K [0x00000000c0000000, 0x00000000d0480000, 0x00000000eab00000)
  object space 266752K, 54% used [0x00000000c0000000,0x00000000c8cd56c8,0x00000000d0480000)
 Metaspace       used 6443K, capacity 7192K, committed 7424K, reserved 1056768K
  class space    used 624K, capacity 656K, committed 768K, reserved 1048576K
}
Event: 12.196 GC heap before
{Heap before GC invocations=11 (full 2):
 PSYoungGen      total 202752K, used 146601K [0x00000000eab00000, 0x0000000100000000, 0x0000000100000000)
  eden space 116736K, 100% used [0x00000000eab00000,0x00000000f1d00000,0x00000000f1d00000)
  from space 86016K, 34% used [0x00000000fac00000,0x00000000fc92a7c8,0x0000000100000000)
  to   space 116224K, 0% used [0x00000000f1d00000,0x00000000f1d00000,0x00000000f8e80000)
 ParOldGen       total 266752K, used 144213K [0x00000000c0000000, 0x00000000d0480000, 0x00000000eab00000)
  object space 266752K, 54% used [0x00000000c0000000,0x00000000c8cd56c8,0x00000000d0480000)
 Metaspace       used 6443K, capacity 7192K, committed 7424K, reserved 1056768K
  class space    used 624K, capacity 656K, committed 768K, reserved 1048576K
Event: 12.753 GC heap after
Heap after GC invocations=11 (full 2):
 PSYoungGen      total 232960K, used 64068K [0x00000000eab00000, 0x0000000100000000, 0x0000000100000000)
  eden space 116736K, 0% used [0x00000000eab00000,0x00000000eab00000,0x00000000f1d00000)
  from space 116224K, 55% used [0x00000000f1d00000,0x00000000f5b91238,0x00000000f8e80000)
  to   space 116224K, 0% used [0x00000000f8e80000,0x00000000f8e80000,0x0000000100000000)
 ParOldGen       total 266752K, used 159487K [0x00000000c0000000, 0x00000000d0480000, 0x00000000eab00000)
  object space 266752K, 59% used [0x00000000c0000000,0x00000000c9bbfd48,0x00000000d0480000)
 Metaspace       used 6443K, capacity 7192K, committed 7424K, reserved 1056768K
  class space    used 624K, capacity 656K, committed 768K, reserved 1048576K
}
Event: 13.107 GC heap before
{Heap before GC invocations=12 (full 2):
 PSYoungGen      total 232960K, used 180804K [0x00000000eab00000, 0x0000000100000000, 0x0000000100000000)
  eden space 116736K, 100% used [0x00000000eab00000,0x00000000f1d00000,0x00000000f1d00000)
  from space 116224K, 55% used [0x00000000f1d00000,0x00000000f5b91238,0x00000000f8e80000)
  to   space 116224K, 0% used [0x00000000f8e80000,0x00000000f8e80000,0x0000000100000000)
 ParOldGen       total 266752K, used 159487K [0x00000000c0000000, 0x00000000d0480000, 0x00000000eab00000)
  object space 266752K, 59% used [0x00000000c0000000,0x00000000c9bbfd48,0x00000000d0480000)
 Metaspace       used 6446K, capacity 7192K, committed 7424K, reserved 1056768K
  class space    used 624K, capacity 656K, committed 768K, reserved 1048576K
Event: 13.501 GC heap after
Heap after GC invocations=12 (full 2):
 PSYoungGen      total 232960K, used 77822K [0x00000000eab00000, 0x0000000100000000, 0x0000000100000000)
  eden space 116736K, 0% used [0x00000000eab00000,0x00000000eab00000,0x00000000f1d00000)
  from space 116224K, 66% used [0x00000000f8e80000,0x00000000fda7f8b0,0x0000000100000000)
  to   space 116224K, 0% used [0x00000000f1d00000,0x00000000f1d00000,0x00000000f8e80000)
 ParOldGen       total 266752K, used 170956K [0x00000000c0000000, 0x00000000d0480000, 0x00000000eab00000)
  object space 266752K, 64% used [0x00000000c0000000,0x00000000ca6f31d0,0x00000000d0480000)
 Metaspace       used 6446K, capacity 7192K, committed 7424K, reserved 1056768K
  class space    used 624K, capacity 656K, committed 768K, reserved 1048576K
}
Event: 13.899 GC heap before
{Heap before GC invocations=13 (full 2):
 PSYoungGen      total 232960K, used 194558K [0x00000000eab00000, 0x0000000100000000, 0x0000000100000000)
  eden space 116736K, 100% used [0x00000000eab00000,0x00000000f1d00000,0x00000000f1d00000)
  from space 116224K, 66% used [0x00000000f8e80000,0x00000000fda7f8b0,0x0000000100000000)
  to   space 116224K, 0% used [0x00000000f1d00000,0x00000000f1d00000,0x00000000f8e80000)
 ParOldGen       total 266752K, used 170956K [0x00000000c0000000, 0x00000000d0480000, 0x00000000eab00000)
  object space 266752K, 64% used [0x00000000c0000000,0x00000000ca6f31d0,0x00000000d0480000)
 Metaspace       used 6446K, capacity 7192K, committed 7424K, reserved 1056768K
  class space    used 624K, capacity 656K, committed 768K, reserved 1048576K

