# JRE version: Java(TM) SE Runtime Environment (8.0_102-b14) (build 1.8.0_102-b14)
# Java VM: Java HotSpot(TM) 64-Bit Server VM (25.102-b14 mixed mode windows-amd64 compressed oops)
Heap:
 PSYoungGen      total 142336K, used 36072K [0x00000000eab00000, 0x00000000f4c80000, 0x0000000100000000)
  eden space 129024K, 17% used [0x00000000eab00000,0x00000000ec13bde0,0x00000000f2900000)
  from space 13312K, 99% used [0x00000000f3900000,0x00000000f45fe270,0x00000000f4600000)
  to   space 16384K, 0% used [0x00000000f2900000,0x00000000f2900000,0x00000000f3900000)
 ParOldGen       total 87040K, used 22790K [0x00000000c0000000, 0x00000000c5500000, 0x00000000eab00000)
  object space 87040K, 26% used [0x00000000c0000000,0x00000000c1641a98,0x00000000c5500000)
 Metaspace       used 47199K, capacity 48288K, committed 48640K, reserved 1091584K
  class space    used 6552K, capacity 6786K, committed 6912K, reserved 1048576K
GC Heap History (10 events):
Event: 9.148 GC heap before
{Heap before GC invocations=10 (full 1):
 PSYoungGen      total 81920K, used 80594K [0x00000000eab00000, 0x00000000f0680000, 0x0000000100000000)
  eden space 74240K, 100% used [0x00000000eab00000,0x00000000ef380000,0x00000000ef380000)
  from space 7680K, 82% used [0x00000000eff00000,0x00000000f0534b18,0x00000000f0680000)
  to   space 9728K, 0% used [0x00000000ef380000,0x00000000ef380000,0x00000000efd00000)
 ParOldGen       total 63488K, used 8902K [0x00000000c0000000, 0x00000000c3e00000, 0x00000000eab00000)
  object space 63488K, 14% used [0x00000000c0000000,0x00000000c08b19b8,0x00000000c3e00000)
 Metaspace       used 34247K, capacity 34942K, committed 35200K, reserved 1079296K
  class space    used 4715K, capacity 4886K, committed 4992K, reserved 1048576K
Event: 9.158 GC heap after
Heap after GC invocations=10 (full 1):
 PSYoungGen      total 83968K, used 9718K [0x00000000eab00000, 0x00000000f1e80000, 0x0000000100000000)
  eden space 74240K, 0% used [0x00000000eab00000,0x00000000eab00000,0x00000000ef380000)
  from space 9728K, 99% used [0x00000000ef380000,0x00000000efcfdbd8,0x00000000efd00000)
  to   space 11776K, 0% used [0x00000000f1300000,0x00000000f1300000,0x00000000f1e80000)
 ParOldGen       total 63488K, used 11232K [0x00000000c0000000, 0x00000000c3e00000, 0x00000000eab00000)
  object space 63488K, 17% used [0x00000000c0000000,0x00000000c0af8090,0x00000000c3e00000)
 Metaspace       used 34247K, capacity 34942K, committed 35200K, reserved 1079296K
  class space    used 4715K, capacity 4886K, committed 4992K, reserved 1048576K
}
Event: 9.344 GC heap before
{Heap before GC invocations=11 (full 1):
 PSYoungGen      total 83968K, used 22735K [0x00000000eab00000, 0x00000000f1e80000, 0x0000000100000000)
  eden space 74240K, 17% used [0x00000000eab00000,0x00000000eb7b6390,0x00000000ef380000)
  from space 9728K, 99% used [0x00000000ef380000,0x00000000efcfdbd8,0x00000000efd00000)
  to   space 11776K, 0% used [0x00000000f1300000,0x00000000f1300000,0x00000000f1e80000)
 ParOldGen       total 63488K, used 11232K [0x00000000c0000000, 0x00000000c3e00000, 0x00000000eab00000)
  object space 63488K, 17% used [0x00000000c0000000,0x00000000c0af8090,0x00000000c3e00000)
 Metaspace       used 34563K, capacity 35254K, committed 35456K, reserved 1079296K
  class space    used 4763K, capacity 4925K, committed 4992K, reserved 1048576K
Event: 9.369 GC heap after
Heap after GC invocations=11 (full 1):
 PSYoungGen      total 105472K, used 11095K [0x00000000eab00000, 0x00000000f2c00000, 0x0000000100000000)
  eden space 93696K, 0% used [0x00000000eab00000,0x00000000eab00000,0x00000000f0680000)
  from space 11776K, 94% used [0x00000000f1300000,0x00000000f1dd5e70,0x00000000f1e80000)
  to   space 12800K, 0% used [0x00000000f0680000,0x00000000f0680000,0x00000000f1300000)
 ParOldGen       total 63488K, used 11240K [0x00000000c0000000, 0x00000000c3e00000, 0x00000000eab00000)
  object space 63488K, 17% used [0x00000000c0000000,0x00000000c0afa090,0x00000000c3e00000)
 Metaspace       used 34563K, capacity 35254K, committed 35456K, reserved 1079296K
  class space    used 4763K, capacity 4925K, committed 4992K, reserved 1048576K
}
Event: 9.369 GC heap before
{Heap before GC invocations=12 (full 2):
 PSYoungGen      total 105472K, used 11095K [0x00000000eab00000, 0x00000000f2c00000, 0x0000000100000000)
  eden space 93696K, 0% used [0x00000000eab00000,0x00000000eab00000,0x00000000f0680000)
  from space 11776K, 94% used [0x00000000f1300000,0x00000000f1dd5e70,0x00000000f1e80000)
  to   space 12800K, 0% used [0x00000000f0680000,0x00000000f0680000,0x00000000f1300000)
 ParOldGen       total 63488K, used 11240K [0x00000000c0000000, 0x00000000c3e00000, 0x00000000eab00000)
  object space 63488K, 17% used [0x00000000c0000000,0x00000000c0afa090,0x00000000c3e00000)
 Metaspace       used 34563K, capacity 35254K, committed 35456K, reserved 1079296K
  class space    used 4763K, capacity 4925K, committed 4992K, reserved 1048576K
Event: 9.456 GC heap after
Heap after GC invocations=12 (full 2):
 PSYoungGen      total 105472K, used 0K [0x00000000eab00000, 0x00000000f2c00000, 0x0000000100000000)
  eden space 93696K, 0% used [0x00000000eab00000,0x00000000eab00000,0x00000000f0680000)
  from space 11776K, 0% used [0x00000000f1300000,0x00000000f1300000,0x00000000f1e80000)
  to   space 12800K, 0% used [0x00000000f0680000,0x00000000f0680000,0x00000000f1300000)
 ParOldGen       total 87040K, used 18738K [0x00000000c0000000, 0x00000000c5500000, 0x00000000eab00000)
  object space 87040K, 21% used [0x00000000c0000000,0x00000000c124c8a8,0x00000000c5500000)
 Metaspace       used 34563K, capacity 35254K, committed 35456K, reserved 1079296K
  class space    used 4763K, capacity 4925K, committed 4992K, reserved 1048576K
}
Event: 10.937 GC heap before
{Heap before GC invocations=13 (full 2):
 PSYoungGen      total 105472K, used 93696K [0x00000000eab00000, 0x00000000f2c00000, 0x0000000100000000)
  eden space 93696K, 100% used [0x00000000eab00000,0x00000000f0680000,0x00000000f0680000)
  from space 11776K, 0% used [0x00000000f1300000,0x00000000f1300000,0x00000000f1e80000)
  to   space 12800K, 0% used [0x00000000f0680000,0x00000000f0680000,0x00000000f1300000)
 ParOldGen       total 87040K, used 18738K [0x00000000c0000000, 0x00000000c5500000, 0x00000000eab00000)
  object space 87040K, 21% used [0x00000000c0000000,0x00000000c124c8a8,0x00000000c5500000)
 Metaspace       used 41843K, capacity 42716K, committed 43008K, reserved 1085440K
  class space    used 5776K, capacity 6040K, committed 6144K, reserved 1048576K
Event: 10.964 GC heap after
Heap after GC invocations=13 (full 2):
 PSYoungGen      total 106496K, used 10319K [0x00000000eab00000, 0x00000000f4600000, 0x0000000100000000)
  eden space 93696K, 0% used [0x00000000eab00000,0x00000000eab00000,0x00000000f0680000)
  from space 12800K, 80% used [0x00000000f0680000,0x00000000f1093c38,0x00000000f1300000)
  to   space 13312K, 0% used [0x00000000f3900000,0x00000000f3900000,0x00000000f4600000)
 ParOldGen       total 87040K, used 18810K [0x00000000c0000000, 0x00000000c5500000, 0x00000000eab00000)
  object space 87040K, 21% used [0x00000000c0000000,0x00000000c125e8b8,0x00000000c5500000)
 Metaspace       used 41843K, capacity 42716K, committed 43008K, reserved 1085440K
  class space    used 5776K, capacity 6040K, committed 6144K, reserved 1048576K
}
Event: 12.505 GC heap before
{Heap before GC invocations=14 (full 2):
 PSYoungGen      total 106496K, used 104015K [0x00000000eab00000, 0x00000000f4600000, 0x0000000100000000)
  eden space 93696K, 100% used [0x00000000eab00000,0x00000000f0680000,0x00000000f0680000)
  from space 12800K, 80% used [0x00000000f0680000,0x00000000f1093c38,0x00000000f1300000)
  to   space 13312K, 0% used [0x00000000f3900000,0x00000000f3900000,0x00000000f4600000)
 ParOldGen       total 87040K, used 18810K [0x00000000c0000000, 0x00000000c5500000, 0x00000000eab00000)
  object space 87040K, 21% used [0x00000000c0000000,0x00000000c125e8b8,0x00000000c5500000)
 Metaspace       used 46510K, capacity 47484K, committed 47744K, reserved 1089536K
  class space    used 6487K, capacity 6739K, committed 6784K, reserved 1048576K
Event: 12.562 GC heap after
Heap after GC invocations=14 (full 2):
 PSYoungGen      total 142336K, used 13304K [0x00000000eab00000, 0x00000000f4c80000, 0x0000000100000000)
  eden space 129024K, 0% used [0x00000000eab00000,0x00000000eab00000,0x00000000f2900000)
  from space 13312K, 99% used [0x00000000f3900000,0x00000000f45fe270,0x00000000f4600000)
  to   space 16384K, 0% used [0x00000000f2900000,0x00000000f2900000,0x00000000f3900000)
 ParOldGen       total 87040K, used 22790K [0x00000000c0000000, 0x00000000c5500000, 0x00000000eab00000)
  object space 87040K, 26% used [0x00000000c0000000,0x00000000c1641a98,0x00000000c5500000)
 Metaspace       used 46510K, capacity 47484K, committed 47744K, reserved 1089536K
  class space    used 6487K, capacity 6739K, committed 6784K, reserved 1048576K
}

