# JRE version: Java(TM) SE Runtime Environment (8.0_102-b14) (build 1.8.0_102-b14)
# Java VM: Java HotSpot(TM) 64-Bit Server VM (25.102-b14 mixed mode windows-amd64 compressed oops)
Heap:
 PSYoungGen      total 541696K, used 471547K [0x000000076ab00000, 0x00000007bf100000, 0x00000007c0000000)
  eden space 465920K, 85% used [0x000000076ab00000,0x0000000782df87c0,0x0000000787200000)
  from space 75776K, 99% used [0x0000000787200000,0x000000078bb867f0,0x000000078bc00000)
  to   space 458240K, 0% used [0x00000007a3180000,0x00000007a3180000,0x00000007bf100000)
 ParOldGen       total 1466880K, used 1197712K [0x00000006c0000000, 0x0000000719880000, 0x000000076ab00000)
  object space 1466880K, 81% used [0x00000006c0000000,0x00000007091a4368,0x0000000719880000)
 Metaspace       used 7550K, capacity 7896K, committed 8192K, reserved 1056768K
  class space    used 687K, capacity 720K, committed 768K, reserved 1048576K
GC Heap History (10 events):
Event: 47.563 GC heap before
{Heap before GC invocations=40 (full 7):
 PSYoungGen      total 931840K, used 633421K [0x000000076ab00000, 0x00000007c0000000, 0x00000007c0000000)
  eden space 465920K, 100% used [0x000000076ab00000,0x0000000787200000,0x0000000787200000)
  from space 465920K, 35% used [0x00000007a3900000,0x00000007adc93798,0x00000007c0000000)
  to   space 465920K, 0% used [0x0000000787200000,0x0000000787200000,0x00000007a3900000)
 ParOldGen       total 1466880K, used 889554K [0x00000006c0000000, 0x0000000719880000, 0x000000076ab00000)
  object space 1466880K, 60% used [0x00000006c0000000,0x00000006f64b4928,0x0000000719880000)
 Metaspace       used 7545K, capacity 7896K, committed 8192K, reserved 1056768K
  class space    used 686K, capacity 720K, committed 768K, reserved 1048576K
Event: 47.665 GC heap after
Heap after GC invocations=40 (full 7):
 PSYoungGen      total 931840K, used 117142K [0x000000076ab00000, 0x00000007c0000000, 0x00000007c0000000)
  eden space 465920K, 0% used [0x000000076ab00000,0x000000076ab00000,0x0000000787200000)
  from space 465920K, 25% used [0x0000000787200000,0x000000078e465a68,0x00000007a3900000)
  to   space 465920K, 0% used [0x00000007a3900000,0x00000007a3900000,0x00000007c0000000)
 ParOldGen       total 1466880K, used 955496K [0x00000006c0000000, 0x0000000719880000, 0x000000076ab00000)
  object space 1466880K, 65% used [0x00000006c0000000,0x00000006fa51a1a8,0x0000000719880000)
 Metaspace       used 7545K, capacity 7896K, committed 8192K, reserved 1056768K
  class space    used 686K, capacity 720K, committed 768K, reserved 1048576K
}
Event: 48.165 GC heap before
{Heap before GC invocations=41 (full 7):
 PSYoungGen      total 931840K, used 583062K [0x000000076ab00000, 0x00000007c0000000, 0x00000007c0000000)
  eden space 465920K, 100% used [0x000000076ab00000,0x0000000787200000,0x0000000787200000)
  from space 465920K, 25% used [0x0000000787200000,0x000000078e465a68,0x00000007a3900000)
  to   space 465920K, 0% used [0x00000007a3900000,0x00000007a3900000,0x00000007c0000000)
 ParOldGen       total 1466880K, used 955496K [0x00000006c0000000, 0x0000000719880000, 0x000000076ab00000)
  object space 1466880K, 65% used [0x00000006c0000000,0x00000006fa51a1a8,0x0000000719880000)
 Metaspace       used 7546K, capacity 7896K, committed 8192K, reserved 1056768K
  class space    used 686K, capacity 720K, committed 768K, reserved 1048576K
Event: 48.234 GC heap after
Heap after GC invocations=41 (full 7):
 PSYoungGen      total 931840K, used 66461K [0x000000076ab00000, 0x00000007c0000000, 0x00000007c0000000)
  eden space 465920K, 0% used [0x000000076ab00000,0x000000076ab00000,0x0000000787200000)
  from space 465920K, 14% used [0x00000007a3900000,0x00000007a79e76f0,0x00000007c0000000)
  to   space 465920K, 0% used [0x0000000787200000,0x0000000787200000,0x00000007a3900000)
 ParOldGen       total 1466880K, used 992743K [0x00000006c0000000, 0x0000000719880000, 0x000000076ab00000)
  object space 1466880K, 67% used [0x00000006c0000000,0x00000006fc979c48,0x0000000719880000)
 Metaspace       used 7546K, capacity 7896K, committed 8192K, reserved 1056768K
  class space    used 686K, capacity 720K, committed 768K, reserved 1048576K
}
Event: 48.755 GC heap before
{Heap before GC invocations=42 (full 7):
 PSYoungGen      total 931840K, used 532381K [0x000000076ab00000, 0x00000007c0000000, 0x00000007c0000000)
  eden space 465920K, 100% used [0x000000076ab00000,0x0000000787200000,0x0000000787200000)
  from space 465920K, 14% used [0x00000007a3900000,0x00000007a79e76f0,0x00000007c0000000)
  to   space 465920K, 0% used [0x0000000787200000,0x0000000787200000,0x00000007a3900000)
 ParOldGen       total 1466880K, used 992743K [0x00000006c0000000, 0x0000000719880000, 0x000000076ab00000)
  object space 1466880K, 67% used [0x00000006c0000000,0x00000006fc979c48,0x0000000719880000)
 Metaspace       used 7546K, capacity 7896K, committed 8192K, reserved 1056768K
  class space    used 686K, capacity 720K, committed 768K, reserved 1048576K
Event: 48.847 GC heap after
Heap after GC invocations=42 (full 7):
 PSYoungGen      total 931840K, used 74332K [0x000000076ab00000, 0x00000007c0000000, 0x00000007c0000000)
  eden space 465920K, 0% used [0x000000076ab00000,0x000000076ab00000,0x0000000787200000)
  from space 465920K, 15% used [0x0000000787200000,0x000000078ba97260,0x00000007a3900000)
  to   space 465920K, 0% used [0x00000007a3900000,0x00000007a3900000,0x00000007c0000000)
 ParOldGen       total 1466880K, used 1057561K [0x00000006c0000000, 0x0000000719880000, 0x000000076ab00000)
  object space 1466880K, 72% used [0x00000006c0000000,0x00000007008c6670,0x0000000719880000)
 Metaspace       used 7546K, capacity 7896K, committed 8192K, reserved 1056768K
  class space    used 686K, capacity 720K, committed 768K, reserved 1048576K
}
Event: 49.364 GC heap before
{Heap before GC invocations=43 (full 7):
 PSYoungGen      total 931840K, used 540252K [0x000000076ab00000, 0x00000007c0000000, 0x00000007c0000000)
  eden space 465920K, 100% used [0x000000076ab00000,0x0000000787200000,0x0000000787200000)
  from space 465920K, 15% used [0x0000000787200000,0x000000078ba97260,0x00000007a3900000)
  to   space 465920K, 0% used [0x00000007a3900000,0x00000007a3900000,0x00000007c0000000)
 ParOldGen       total 1466880K, used 1057561K [0x00000006c0000000, 0x0000000719880000, 0x000000076ab00000)
  object space 1466880K, 72% used [0x00000006c0000000,0x00000007008c6670,0x0000000719880000)
 Metaspace       used 7547K, capacity 7896K, committed 8192K, reserved 1056768K
  class space    used 687K, capacity 720K, committed 768K, reserved 1048576K
Event: 49.457 GC heap after
Heap after GC invocations=43 (full 7):
 PSYoungGen      total 931840K, used 70670K [0x000000076ab00000, 0x00000007c0000000, 0x00000007c0000000)
  eden space 465920K, 0% used [0x000000076ab00000,0x000000076ab00000,0x0000000787200000)
  from space 465920K, 15% used [0x00000007a3900000,0x00000007a7e038a8,0x00000007c0000000)
  to   space 465920K, 0% used [0x0000000787200000,0x0000000787200000,0x00000007a3900000)
 ParOldGen       total 1466880K, used 1129200K [0x00000006c0000000, 0x0000000719880000, 0x000000076ab00000)
  object space 1466880K, 76% used [0x00000006c0000000,0x0000000704ebc258,0x0000000719880000)
 Metaspace       used 7547K, capacity 7896K, committed 8192K, reserved 1056768K
  class space    used 687K, capacity 720K, committed 768K, reserved 1048576K
}
Event: 49.951 GC heap before
{Heap before GC invocations=44 (full 7):
 PSYoungGen      total 931840K, used 536590K [0x000000076ab00000, 0x00000007c0000000, 0x00000007c0000000)
  eden space 465920K, 100% used [0x000000076ab00000,0x0000000787200000,0x0000000787200000)
  from space 465920K, 15% used [0x00000007a3900000,0x00000007a7e038a8,0x00000007c0000000)
  to   space 465920K, 0% used [0x0000000787200000,0x0000000787200000,0x00000007a3900000)
 ParOldGen       total 1466880K, used 1129200K [0x00000006c0000000, 0x0000000719880000, 0x000000076ab00000)
  object space 1466880K, 76% used [0x00000006c0000000,0x0000000704ebc258,0x0000000719880000)
 Metaspace       used 7547K, capacity 7896K, committed 8192K, reserved 1056768K
  class space    used 687K, capacity 720K, committed 768K, reserved 1048576K
Event: 50.042 GC heap after
Heap after GC invocations=44 (full 7):
 PSYoungGen      total 541696K, used 75289K [0x000000076ab00000, 0x00000007bf100000, 0x00000007c0000000)
  eden space 465920K, 0% used [0x000000076ab00000,0x000000076ab00000,0x0000000787200000)
  from space 75776K, 99% used [0x0000000787200000,0x000000078bb867f0,0x000000078bc00000)
  to   space 458240K, 0% used [0x00000007a3180000,0x00000007a3180000,0x00000007bf100000)
 ParOldGen       total 1466880K, used 1197712K [0x00000006c0000000, 0x0000000719880000, 0x000000076ab00000)
  object space 1466880K, 81% used [0x00000006c0000000,0x00000007091a4368,0x0000000719880000)
 Metaspace       used 7547K, capacity 7896K, committed 8192K, reserved 1056768K
  class space    used 687K, capacity 720K, committed 768K, reserved 1048576K
}

