# JRE version: Java(TM) SE Runtime Environment (8.0_102-b14) (build 1.8.0_102-b14)
# Java VM: Java HotSpot(TM) 64-Bit Server VM (25.102-b14 mixed mode windows-amd64 compressed oops)
Heap:
 PSYoungGen      total 931840K, used 330103K [0x000000076ab00000, 0x00000007c0000000, 0x00000007c0000000)
  eden space 465920K, 0% used [0x000000076ab00000,0x000000076ab00000,0x0000000787200000)
  from space 465920K, 70% used [0x0000000787200000,0x000000079b45de60,0x00000007a3900000)
  to   space 465920K, 0% used [0x00000007a3900000,0x00000007a3900000,0x00000007c0000000)
 ParOldGen       total 1612800K, used 1400041K [0x00000006c0000000, 0x0000000722700000, 0x000000076ab00000)
  object space 1612800K, 86% used [0x00000006c0000000,0x000000071573a758,0x0000000722700000)
 Metaspace       used 7544K, capacity 7896K, committed 8192K, reserved 1056768K
  class space    used 686K, capacity 720K, committed 768K, reserved 1048576K
GC Heap History (10 events):
Event: 44.108 GC heap after
Heap after GC invocations=33 (full 6):
 PSYoungGen      total 926208K, used 220202K [0x000000076ab00000, 0x00000007be780000, 0x00000007c0000000)
  eden space 465920K, 0% used [0x000000076ab00000,0x000000076ab00000,0x0000000787200000)
  from space 460288K, 47% used [0x0000000787200000,0x000000079490a9e0,0x00000007a3380000)
  to   space 444928K, 0% used [0x00000007a3500000,0x00000007a3500000,0x00000007be780000)
 ParOldGen       total 1612800K, used 1103517K [0x00000006c0000000, 0x0000000722700000, 0x000000076ab00000)
  object space 1612800K, 68% used [0x00000006c0000000,0x00000007035a7530,0x0000000722700000)
 Metaspace       used 7169K, capacity 7736K, committed 7936K, reserved 1056768K
  class space    used 654K, capacity 688K, committed 768K, reserved 1048576K
}
Event: 44.936 GC heap before
{Heap before GC invocations=34 (full 6):
 PSYoungGen      total 926208K, used 686122K [0x000000076ab00000, 0x00000007be780000, 0x00000007c0000000)
  eden space 465920K, 100% used [0x000000076ab00000,0x0000000787200000,0x0000000787200000)
  from space 460288K, 47% used [0x0000000787200000,0x000000079490a9e0,0x00000007a3380000)
  to   space 444928K, 0% used [0x00000007a3500000,0x00000007a3500000,0x00000007be780000)
 ParOldGen       total 1612800K, used 1103517K [0x00000006c0000000, 0x0000000722700000, 0x000000076ab00000)
  object space 1612800K, 68% used [0x00000006c0000000,0x00000007035a7530,0x0000000722700000)
 Metaspace       used 7276K, capacity 7864K, committed 8192K, reserved 1056768K
  class space    used 655K, capacity 688K, committed 768K, reserved 1048576K
Event: 45.134 GC heap after
Heap after GC invocations=34 (full 6):
 PSYoungGen      total 913408K, used 298404K [0x000000076ab00000, 0x00000007c0000000, 0x00000007c0000000)
  eden space 468480K, 0% used [0x000000076ab00000,0x000000076ab00000,0x0000000787480000)
  from space 444928K, 67% used [0x00000007a3500000,0x00000007b5869190,0x00000007be780000)
  to   space 459264K, 0% used [0x0000000787480000,0x0000000787480000,0x00000007a3500000)
 ParOldGen       total 1612800K, used 1103517K [0x00000006c0000000, 0x0000000722700000, 0x000000076ab00000)
  object space 1612800K, 68% used [0x00000006c0000000,0x00000007035a7530,0x0000000722700000)
 Metaspace       used 7276K, capacity 7864K, committed 8192K, reserved 1056768K
  class space    used 655K, capacity 688K, committed 768K, reserved 1048576K
}
Event: 45.831 GC heap before
{Heap before GC invocations=35 (full 6):
 PSYoungGen      total 913408K, used 766884K [0x000000076ab00000, 0x00000007c0000000, 0x00000007c0000000)
  eden space 468480K, 100% used [0x000000076ab00000,0x0000000787480000,0x0000000787480000)
  from space 444928K, 67% used [0x00000007a3500000,0x00000007b5869190,0x00000007be780000)
  to   space 459264K, 0% used [0x0000000787480000,0x0000000787480000,0x00000007a3500000)
 ParOldGen       total 1612800K, used 1103517K [0x00000006c0000000, 0x0000000722700000, 0x000000076ab00000)
  object space 1612800K, 68% used [0x00000006c0000000,0x00000007035a7530,0x0000000722700000)
 Metaspace       used 7540K, capacity 7896K, committed 8192K, reserved 1056768K
  class space    used 685K, capacity 720K, committed 768K, reserved 1048576K
Event: 46.036 GC heap after
Heap after GC invocations=35 (full 6):
 PSYoungGen      total 927744K, used 375065K [0x000000076ab00000, 0x00000007c0000000, 0x00000007c0000000)
  eden space 468480K, 0% used [0x000000076ab00000,0x000000076ab00000,0x0000000787480000)
  from space 459264K, 81% used [0x0000000787480000,0x000000079e2c6790,0x00000007a3500000)
  to   space 465920K, 0% used [0x00000007a3900000,0x00000007a3900000,0x00000007c0000000)
 ParOldGen       total 1612800K, used 1103517K [0x00000006c0000000, 0x0000000722700000, 0x000000076ab00000)
  object space 1612800K, 68% used [0x00000006c0000000,0x00000007035a7530,0x0000000722700000)
 Metaspace       used 7540K, capacity 7896K, committed 8192K, reserved 1056768K
  class space    used 685K, capacity 720K, committed 768K, reserved 1048576K
}
Event: 46.475 GC heap before
{Heap before GC invocations=36 (full 6):
 PSYoungGen      total 927744K, used 843545K [0x000000076ab00000, 0x00000007c0000000, 0x00000007c0000000)
  eden space 468480K, 100% used [0x000000076ab00000,0x0000000787480000,0x0000000787480000)
  from space 459264K, 81% used [0x0000000787480000,0x000000079e2c6790,0x00000007a3500000)
  to   space 465920K, 0% used [0x00000007a3900000,0x00000007a3900000,0x00000007c0000000)
 ParOldGen       total 1612800K, used 1103517K [0x00000006c0000000, 0x0000000722700000, 0x000000076ab00000)
  object space 1612800K, 68% used [0x00000006c0000000,0x00000007035a7530,0x0000000722700000)
 Metaspace       used 7544K, capacity 7896K, committed 8192K, reserved 1056768K
  class space    used 686K, capacity 720K, committed 768K, reserved 1048576K
Event: 46.741 GC heap after
Heap after GC invocations=36 (full 6):
 PSYoungGen      total 931840K, used 289049K [0x000000076ab00000, 0x00000007c0000000, 0x00000007c0000000)
  eden space 465920K, 0% used [0x000000076ab00000,0x000000076ab00000,0x0000000787200000)
  from space 465920K, 62% used [0x00000007a3900000,0x00000007b53464a0,0x00000007c0000000)
  to   space 465920K, 0% used [0x0000000787200000,0x0000000787200000,0x00000007a3900000)
 ParOldGen       total 1612800K, used 1257895K [0x00000006c0000000, 0x0000000722700000, 0x000000076ab00000)
  object space 1612800K, 77% used [0x00000006c0000000,0x000000070cc69e00,0x0000000722700000)
 Metaspace       used 7544K, capacity 7896K, committed 8192K, reserved 1056768K
  class space    used 686K, capacity 720K, committed 768K, reserved 1048576K
}
Event: 47.325 GC heap before
{Heap before GC invocations=37 (full 6):
 PSYoungGen      total 931840K, used 754969K [0x000000076ab00000, 0x00000007c0000000, 0x00000007c0000000)
  eden space 465920K, 100% used [0x000000076ab00000,0x0000000787200000,0x0000000787200000)
  from space 465920K, 62% used [0x00000007a3900000,0x00000007b53464a0,0x00000007c0000000)
  to   space 465920K, 0% used [0x0000000787200000,0x0000000787200000,0x00000007a3900000)
 ParOldGen       total 1612800K, used 1257895K [0x00000006c0000000, 0x0000000722700000, 0x000000076ab00000)
  object space 1612800K, 77% used [0x00000006c0000000,0x000000070cc69e00,0x0000000722700000)
 Metaspace       used 7544K, capacity 7896K, committed 8192K, reserved 1056768K
  class space    used 686K, capacity 720K, committed 768K, reserved 1048576K
Event: 47.776 GC heap after
Heap after GC invocations=37 (full 6):
 PSYoungGen      total 931840K, used 330103K [0x000000076ab00000, 0x00000007c0000000, 0x00000007c0000000)
  eden space 465920K, 0% used [0x000000076ab00000,0x000000076ab00000,0x0000000787200000)
  from space 465920K, 70% used [0x0000000787200000,0x000000079b45de60,0x00000007a3900000)
  to   space 465920K, 0% used [0x00000007a3900000,0x00000007a3900000,0x00000007c0000000)
 ParOldGen       total 1612800K, used 1400041K [0x00000006c0000000, 0x0000000722700000, 0x000000076ab00000)
  object space 1612800K, 86% used [0x00000006c0000000,0x000000071573a758,0x0000000722700000)
 Metaspace       used 7544K, capacity 7896K, committed 8192K, reserved 1056768K
  class space    used 686K, capacity 720K, committed 768K, reserved 1048576K
}
Event: 47.776 GC heap before
{Heap before GC invocations=38 (full 7):
 PSYoungGen      total 931840K, used 330103K [0x000000076ab00000, 0x00000007c0000000, 0x00000007c0000000)
  eden space 465920K, 0% used [0x000000076ab00000,0x000000076ab00000,0x0000000787200000)
  from space 465920K, 70% used [0x0000000787200000,0x000000079b45de60,0x00000007a3900000)
  to   space 465920K, 0% used [0x00000007a3900000,0x00000007a3900000,0x00000007c0000000)
 ParOldGen       total 1612800K, used 1400041K [0x00000006c0000000, 0x0000000722700000, 0x000000076ab00000)
  object space 1612800K, 86% used [0x00000006c0000000,0x000000071573a758,0x0000000722700000)
 Metaspace       used 7544K, capacity 7896K, committed 8192K, reserved 1056768K
  class space    used 686K, capacity 720K, committed 768K, reserved 1048576K

