# JRE version: Java(TM) SE Runtime Environment (8.0_102-b14) (build 1.8.0_102-b14)
# Java VM: Java HotSpot(TM) 64-Bit Server VM (25.102-b14 mixed mode windows-amd64 compressed oops)
Heap:
 PSYoungGen      total 933888K, used 629207K [0x000000076ab00000, 0x00000007be300000, 0x00000007c0000000)
  eden space 488448K, 100% used [0x000000076ab00000,0x0000000788800000,0x0000000788800000)
  from space 445440K, 31% used [0x00000007a3000000,0x00000007ab975e00,0x00000007be300000)
  to   space 434176K, 33% used [0x0000000788800000,0x00000007915770e0,0x00000007a3000000)
 ParOldGen       total 1431040K, used 1204163K [0x00000006c0000000, 0x0000000717580000, 0x000000076ab00000)
  object space 1431040K, 84% used [0x00000006c0000000,0x00000007097f0f10,0x0000000717580000)
 Metaspace       used 7566K, capacity 7960K, committed 8192K, reserved 1056768K
  class space    used 686K, capacity 720K, committed 768K, reserved 1048576K
GC Heap History (10 events):
Event: 42.973 GC heap after
Heap after GC invocations=38 (full 7):
 PSYoungGen      total 931840K, used 136207K [0x000000076ab00000, 0x00000007c0000000, 0x00000007c0000000)
  eden space 465920K, 0% used [0x000000076ab00000,0x000000076ab00000,0x0000000787200000)
  from space 465920K, 29% used [0x00000007a3900000,0x00000007abe03e30,0x00000007c0000000)
  to   space 465920K, 0% used [0x0000000787200000,0x0000000787200000,0x00000007a3900000)
 ParOldGen       total 1431040K, used 926565K [0x00000006c0000000, 0x0000000717580000, 0x000000076ab00000)
  object space 1431040K, 64% used [0x00000006c0000000,0x00000006f88d94d8,0x0000000717580000)
 Metaspace       used 7307K, capacity 7864K, committed 8192K, reserved 1056768K
  class space    used 655K, capacity 688K, committed 768K, reserved 1048576K
}
Event: 43.407 GC heap before
{Heap before GC invocations=39 (full 7):
 PSYoungGen      total 931840K, used 602127K [0x000000076ab00000, 0x00000007c0000000, 0x00000007c0000000)
  eden space 465920K, 100% used [0x000000076ab00000,0x0000000787200000,0x0000000787200000)
  from space 465920K, 29% used [0x00000007a3900000,0x00000007abe03e30,0x00000007c0000000)
  to   space 465920K, 0% used [0x0000000787200000,0x0000000787200000,0x00000007a3900000)
 ParOldGen       total 1431040K, used 926567K [0x00000006c0000000, 0x0000000717580000, 0x000000076ab00000)
  object space 1431040K, 64% used [0x00000006c0000000,0x00000006f88d9c20,0x0000000717580000)
 Metaspace       used 7566K, capacity 7960K, committed 8192K, reserved 1056768K
  class space    used 686K, capacity 720K, committed 768K, reserved 1048576K
Event: 43.525 GC heap after
Heap after GC invocations=39 (full 7):
 PSYoungGen      total 931840K, used 76514K [0x000000076ab00000, 0x00000007c0000000, 0x00000007c0000000)
  eden space 465920K, 0% used [0x000000076ab00000,0x000000076ab00000,0x0000000787200000)
  from space 465920K, 16% used [0x0000000787200000,0x000000078bcb8990,0x00000007a3900000)
  to   space 465920K, 0% used [0x00000007a3900000,0x00000007a3900000,0x00000007c0000000)
 ParOldGen       total 1431040K, used 1060455K [0x00000006c0000000, 0x0000000717580000, 0x000000076ab00000)
  object space 1431040K, 74% used [0x00000006c0000000,0x0000000700b99f70,0x0000000717580000)
 Metaspace       used 7566K, capacity 7960K, committed 8192K, reserved 1056768K
  class space    used 686K, capacity 720K, committed 768K, reserved 1048576K
}
Event: 43.901 GC heap before
{Heap before GC invocations=40 (full 7):
 PSYoungGen      total 931840K, used 542434K [0x000000076ab00000, 0x00000007c0000000, 0x00000007c0000000)
  eden space 465920K, 100% used [0x000000076ab00000,0x0000000787200000,0x0000000787200000)
  from space 465920K, 16% used [0x0000000787200000,0x000000078bcb8990,0x00000007a3900000)
  to   space 465920K, 0% used [0x00000007a3900000,0x00000007a3900000,0x00000007c0000000)
 ParOldGen       total 1431040K, used 1060458K [0x00000006c0000000, 0x0000000717580000, 0x000000076ab00000)
  object space 1431040K, 74% used [0x00000006c0000000,0x0000000700b9a850,0x0000000717580000)
 Metaspace       used 7566K, capacity 7960K, committed 8192K, reserved 1056768K
  class space    used 686K, capacity 720K, committed 768K, reserved 1048576K
Event: 43.988 GC heap after
Heap after GC invocations=40 (full 7):
 PSYoungGen      total 931840K, used 72481K [0x000000076ab00000, 0x00000007c0000000, 0x00000007c0000000)
  eden space 465920K, 0% used [0x000000076ab00000,0x000000076ab00000,0x0000000787200000)
  from space 465920K, 15% used [0x00000007a3900000,0x00000007a7fc8668,0x00000007c0000000)
  to   space 465920K, 0% used [0x0000000787200000,0x0000000787200000,0x00000007a3900000)
 ParOldGen       total 1431040K, used 1134102K [0x00000006c0000000, 0x0000000717580000, 0x000000076ab00000)
  object space 1431040K, 79% used [0x00000006c0000000,0x0000000705385990,0x0000000717580000)
 Metaspace       used 7566K, capacity 7960K, committed 8192K, reserved 1056768K
  class space    used 686K, capacity 720K, committed 768K, reserved 1048576K
}
Event: 44.520 GC heap before
{Heap before GC invocations=41 (full 7):
 PSYoungGen      total 931840K, used 538401K [0x000000076ab00000, 0x00000007c0000000, 0x00000007c0000000)
  eden space 465920K, 100% used [0x000000076ab00000,0x0000000787200000,0x0000000787200000)
  from space 465920K, 15% used [0x00000007a3900000,0x00000007a7fc8668,0x00000007c0000000)
  to   space 465920K, 0% used [0x0000000787200000,0x0000000787200000,0x00000007a3900000)
 ParOldGen       total 1431040K, used 1134102K [0x00000006c0000000, 0x0000000717580000, 0x000000076ab00000)
  object space 1431040K, 79% used [0x00000006c0000000,0x0000000705385990,0x0000000717580000)
 Metaspace       used 7566K, capacity 7960K, committed 8192K, reserved 1056768K
  class space    used 686K, capacity 720K, committed 768K, reserved 1048576K
Event: 44.632 GC heap after
Heap after GC invocations=41 (full 7):
 PSYoungGen      total 657920K, used 191922K [0x000000076ab00000, 0x00000007bee00000, 0x00000007c0000000)
  eden space 465920K, 0% used [0x000000076ab00000,0x000000076ab00000,0x0000000787200000)
  from space 192000K, 99% used [0x0000000787200000,0x0000000792d6c920,0x0000000792d80000)
  to   space 456704K, 0% used [0x00000007a3000000,0x00000007a3000000,0x00000007bee00000)
 ParOldGen       total 1431040K, used 1204163K [0x00000006c0000000, 0x0000000717580000, 0x000000076ab00000)
  object space 1431040K, 84% used [0x00000006c0000000,0x00000007097f0f10,0x0000000717580000)
 Metaspace       used 7566K, capacity 7960K, committed 8192K, reserved 1056768K
  class space    used 686K, capacity 720K, committed 768K, reserved 1048576K
}
Event: 45.187 GC heap before
{Heap before GC invocations=42 (full 7):
 PSYoungGen      total 657920K, used 657842K [0x000000076ab00000, 0x00000007bee00000, 0x00000007c0000000)
  eden space 465920K, 100% used [0x000000076ab00000,0x0000000787200000,0x0000000787200000)
  from space 192000K, 99% used [0x0000000787200000,0x0000000792d6c920,0x0000000792d80000)
  to   space 456704K, 0% used [0x00000007a3000000,0x00000007a3000000,0x00000007bee00000)
 ParOldGen       total 1431040K, used 1204163K [0x00000006c0000000, 0x0000000717580000, 0x000000076ab00000)
  object space 1431040K, 84% used [0x00000006c0000000,0x00000007097f0f10,0x0000000717580000)
 Metaspace       used 7566K, capacity 7960K, committed 8192K, reserved 1056768K
  class space    used 686K, capacity 720K, committed 768K, reserved 1048576K
Event: 45.258 GC heap after
Heap after GC invocations=42 (full 7):
 PSYoungGen      total 933888K, used 140759K [0x000000076ab00000, 0x00000007be300000, 0x00000007c0000000)
  eden space 488448K, 0% used [0x000000076ab00000,0x000000076ab00000,0x0000000788800000)
  from space 445440K, 31% used [0x00000007a3000000,0x00000007ab975e00,0x00000007be300000)
  to   space 434176K, 0% used [0x0000000788800000,0x0000000788800000,0x00000007a3000000)
 ParOldGen       total 1431040K, used 1204163K [0x00000006c0000000, 0x0000000717580000, 0x000000076ab00000)
  object space 1431040K, 84% used [0x00000006c0000000,0x00000007097f0f10,0x0000000717580000)
 Metaspace       used 7566K, capacity 7960K, committed 8192K, reserved 1056768K
  class space    used 686K, capacity 720K, committed 768K, reserved 1048576K
}
Event: 45.727 GC heap before
{Heap before GC invocations=43 (full 7):
 PSYoungGen      total 933888K, used 629207K [0x000000076ab00000, 0x00000007be300000, 0x00000007c0000000)
  eden space 488448K, 100% used [0x000000076ab00000,0x0000000788800000,0x0000000788800000)
  from space 445440K, 31% used [0x00000007a3000000,0x00000007ab975e00,0x00000007be300000)
  to   space 434176K, 0% used [0x0000000788800000,0x0000000788800000,0x00000007a3000000)
 ParOldGen       total 1431040K, used 1204163K [0x00000006c0000000, 0x0000000717580000, 0x000000076ab00000)
  object space 1431040K, 84% used [0x00000006c0000000,0x00000007097f0f10,0x0000000717580000)
 Metaspace       used 7566K, capacity 7960K, committed 8192K, reserved 1056768K
  class space    used 686K, capacity 720K, committed 768K, reserved 1048576K

