# JRE version: Java(TM) SE Runtime Environment (8.0_102-b14) (build 1.8.0_102-b14)
# Java VM: Java HotSpot(TM) 64-Bit Server VM (25.102-b14 mixed mode windows-amd64 compressed oops)
Heap:
 PSYoungGen      total 832512K, used 832496K [0x000000076ab00000, 0x00000007b3080000, 0x00000007c0000000)
  eden space 681472K, 100% used [0x000000076ab00000,0x0000000794480000,0x0000000794480000)
  from space 151040K, 99% used [0x0000000794480000,0x000000079d7fc0b8,0x000000079d800000)
  to   space 200704K, 43% used [0x00000007a6c80000,0x00000007ac260318,0x00000007b3080000)
 ParOldGen       total 483328K, used 423904K [0x00000006c0000000, 0x00000006dd800000, 0x000000076ab00000)
  object space 483328K, 87% used [0x00000006c0000000,0x00000006d9df8390,0x00000006dd800000)
 Metaspace       used 6744K, capacity 7384K, committed 7680K, reserved 1056768K
  class space    used 633K, capacity 656K, committed 768K, reserved 1048576K
GC Heap History (10 events):
Event: 6.985 GC heap after
Heap after GC invocations=12 (full 2):
 PSYoungGen      total 688640K, used 71423K [0x000000076ab00000, 0x000000079fd00000, 0x00000007c0000000)
  eden space 595456K, 0% used [0x000000076ab00000,0x000000076ab00000,0x000000078f080000)
  from space 93184K, 76% used [0x0000000796700000,0x000000079acbfd00,0x000000079c200000)
  to   space 121344K, 0% used [0x000000078f080000,0x000000078f080000,0x0000000796700000)
 ParOldGen       total 296448K, used 167526K [0x00000006c0000000, 0x00000006d2180000, 0x000000076ab00000)
  object space 296448K, 56% used [0x00000006c0000000,0x00000006ca399838,0x00000006d2180000)
 Metaspace       used 6668K, capacity 7320K, committed 7680K, reserved 1056768K
  class space    used 627K, capacity 656K, committed 768K, reserved 1048576K
}
Event: 8.230 GC heap before
{Heap before GC invocations=13 (full 2):
 PSYoungGen      total 688640K, used 666879K [0x000000076ab00000, 0x000000079fd00000, 0x00000007c0000000)
  eden space 595456K, 100% used [0x000000076ab00000,0x000000078f080000,0x000000078f080000)
  from space 93184K, 76% used [0x0000000796700000,0x000000079acbfd00,0x000000079c200000)
  to   space 121344K, 0% used [0x000000078f080000,0x000000078f080000,0x0000000796700000)
 ParOldGen       total 296448K, used 167526K [0x00000006c0000000, 0x00000006d2180000, 0x000000076ab00000)
  object space 296448K, 56% used [0x00000006c0000000,0x00000006ca399838,0x00000006d2180000)
 Metaspace       used 6678K, capacity 7320K, committed 7680K, reserved 1056768K
  class space    used 627K, capacity 656K, committed 768K, reserved 1048576K
Event: 8.389 GC heap after
Heap after GC invocations=13 (full 2):
 PSYoungGen      total 716800K, used 93792K [0x000000076ab00000, 0x00000007a6000000, 0x00000007c0000000)
  eden space 595456K, 0% used [0x000000076ab00000,0x000000076ab00000,0x000000078f080000)
  from space 121344K, 77% used [0x000000078f080000,0x0000000794c183a8,0x0000000796700000)
  to   space 132608K, 0% used [0x000000079de80000,0x000000079de80000,0x00000007a6000000)
 ParOldGen       total 296448K, used 238170K [0x00000006c0000000, 0x00000006d2180000, 0x000000076ab00000)
  object space 296448K, 80% used [0x00000006c0000000,0x00000006ce896a10,0x00000006d2180000)
 Metaspace       used 6678K, capacity 7320K, committed 7680K, reserved 1056768K
  class space    used 627K, capacity 656K, committed 768K, reserved 1048576K
}
Event: 8.389 GC heap before
{Heap before GC invocations=14 (full 3):
 PSYoungGen      total 716800K, used 93792K [0x000000076ab00000, 0x00000007a6000000, 0x00000007c0000000)
  eden space 595456K, 0% used [0x000000076ab00000,0x000000076ab00000,0x000000078f080000)
  from space 121344K, 77% used [0x000000078f080000,0x0000000794c183a8,0x0000000796700000)
  to   space 132608K, 0% used [0x000000079de80000,0x000000079de80000,0x00000007a6000000)
 ParOldGen       total 296448K, used 238170K [0x00000006c0000000, 0x00000006d2180000, 0x000000076ab00000)
  object space 296448K, 80% used [0x00000006c0000000,0x00000006ce896a10,0x00000006d2180000)
 Metaspace       used 6678K, capacity 7320K, committed 7680K, reserved 1056768K
  class space    used 627K, capacity 656K, committed 768K, reserved 1048576K
Event: 9.418 GC heap after
Heap after GC invocations=14 (full 3):
 PSYoungGen      total 716800K, used 31432K [0x000000076ab00000, 0x00000007a6000000, 0x00000007c0000000)
  eden space 595456K, 0% used [0x000000076ab00000,0x000000076ab00000,0x000000078f080000)
  from space 121344K, 25% used [0x000000078f080000,0x0000000790f32288,0x0000000796700000)
  to   space 132608K, 0% used [0x000000079de80000,0x000000079de80000,0x00000007a6000000)
 ParOldGen       total 483328K, used 296372K [0x00000006c0000000, 0x00000006dd800000, 0x000000076ab00000)
  object space 483328K, 61% used [0x00000006c0000000,0x00000006d216d108,0x00000006dd800000)
 Metaspace       used 6678K, capacity 7320K, committed 7680K, reserved 1056768K
  class space    used 627K, capacity 656K, committed 768K, reserved 1048576K
}
Event: 10.379 GC heap before
{Heap before GC invocations=15 (full 3):
 PSYoungGen      total 716800K, used 626888K [0x000000076ab00000, 0x00000007a6000000, 0x00000007c0000000)
  eden space 595456K, 100% used [0x000000076ab00000,0x000000078f080000,0x000000078f080000)
  from space 121344K, 25% used [0x000000078f080000,0x0000000790f32288,0x0000000796700000)
  to   space 132608K, 0% used [0x000000079de80000,0x000000079de80000,0x00000007a6000000)
 ParOldGen       total 483328K, used 296372K [0x00000006c0000000, 0x00000006dd800000, 0x000000076ab00000)
  object space 483328K, 61% used [0x00000006c0000000,0x00000006d216d108,0x00000006dd800000)
 Metaspace       used 6704K, capacity 7384K, committed 7680K, reserved 1056768K
  class space    used 630K, capacity 656K, committed 768K, reserved 1048576K
Event: 10.522 GC heap after
Heap after GC invocations=15 (full 3):
 PSYoungGen      total 814080K, used 119671K [0x000000076ab00000, 0x00000007a6b80000, 0x00000007c0000000)
  eden space 681472K, 0% used [0x000000076ab00000,0x000000076ab00000,0x0000000794480000)
  from space 132608K, 90% used [0x000000079de80000,0x00000007a535deb8,0x00000007a6000000)
  to   space 151040K, 0% used [0x0000000794480000,0x0000000794480000,0x000000079d800000)
 ParOldGen       total 483328K, used 296380K [0x00000006c0000000, 0x00000006dd800000, 0x000000076ab00000)
  object space 483328K, 61% used [0x00000006c0000000,0x00000006d216f108,0x00000006dd800000)
 Metaspace       used 6704K, capacity 7384K, committed 7680K, reserved 1056768K
  class space    used 630K, capacity 656K, committed 768K, reserved 1048576K
}
Event: 11.723 GC heap before
{Heap before GC invocations=16 (full 3):
 PSYoungGen      total 814080K, used 801143K [0x000000076ab00000, 0x00000007a6b80000, 0x00000007c0000000)
  eden space 681472K, 100% used [0x000000076ab00000,0x0000000794480000,0x0000000794480000)
  from space 132608K, 90% used [0x000000079de80000,0x00000007a535deb8,0x00000007a6000000)
  to   space 151040K, 0% used [0x0000000794480000,0x0000000794480000,0x000000079d800000)
 ParOldGen       total 483328K, used 296380K [0x00000006c0000000, 0x00000006dd800000, 0x000000076ab00000)
  object space 483328K, 61% used [0x00000006c0000000,0x00000006d216f108,0x00000006dd800000)
 Metaspace       used 6730K, capacity 7384K, committed 7680K, reserved 1056768K
  class space    used 631K, capacity 656K, committed 768K, reserved 1048576K
Event: 11.872 GC heap after
Heap after GC invocations=16 (full 3):
 PSYoungGen      total 832512K, used 151024K [0x000000076ab00000, 0x00000007b3080000, 0x00000007c0000000)
  eden space 681472K, 0% used [0x000000076ab00000,0x000000076ab00000,0x0000000794480000)
  from space 151040K, 99% used [0x0000000794480000,0x000000079d7fc0b8,0x000000079d800000)
  to   space 200704K, 0% used [0x00000007a6c80000,0x00000007a6c80000,0x00000007b3080000)
 ParOldGen       total 483328K, used 360435K [0x00000006c0000000, 0x00000006dd800000, 0x000000076ab00000)
  object space 483328K, 74% used [0x00000006c0000000,0x00000006d5ffcd70,0x00000006dd800000)
 Metaspace       used 6730K, capacity 7384K, committed 7680K, reserved 1056768K
  class space    used 631K, capacity 656K, committed 768K, reserved 1048576K
}
Event: 12.913 GC heap before
{Heap before GC invocations=17 (full 3):
 PSYoungGen      total 832512K, used 832496K [0x000000076ab00000, 0x00000007b3080000, 0x00000007c0000000)
  eden space 681472K, 100% used [0x000000076ab00000,0x0000000794480000,0x0000000794480000)
  from space 151040K, 99% used [0x0000000794480000,0x000000079d7fc0b8,0x000000079d800000)
  to   space 200704K, 0% used [0x00000007a6c80000,0x00000007a6c80000,0x00000007b3080000)
 ParOldGen       total 483328K, used 360435K [0x00000006c0000000, 0x00000006dd800000, 0x000000076ab00000)
  object space 483328K, 74% used [0x00000006c0000000,0x00000006d5ffcd70,0x00000006dd800000)
 Metaspace       used 6744K, capacity 7384K, committed 7680K, reserved 1056768K
  class space    used 633K, capacity 656K, committed 768K, reserved 1048576K

