# JRE version: Java(TM) SE Runtime Environment (8.0_102-b14) (build 1.8.0_102-b14)
# Java VM: Java HotSpot(TM) 64-Bit Server VM (25.102-b14 mixed mode windows-amd64 compressed oops)
Heap:
 PSYoungGen      total 238080K, used 55847K [0x00000000eab00000, 0x0000000100000000, 0x0000000100000000)
  eden space 169984K, 0% used [0x00000000eab00000,0x00000000eab00000,0x00000000f5100000)
  from space 68096K, 82% used [0x00000000fbd80000,0x00000000ff409e80,0x0000000100000000)
  to   space 89600K, 0% used [0x00000000f5100000,0x00000000f5100000,0x00000000fa880000)
 ParOldGen       total 165376K, used 146988K [0x00000000c0000000, 0x00000000ca180000, 0x00000000eab00000)
  object space 165376K, 88% used [0x00000000c0000000,0x00000000c8f8b160,0x00000000ca180000)
 Metaspace       used 6556K, capacity 7256K, committed 7424K, reserved 1056768K
  class space    used 622K, capacity 656K, committed 768K, reserved 1048576K
GC Heap History (10 events):
Event: 20.334 GC heap after
Heap after GC invocations=7 (full 0):
 PSYoungGen      total 294912K, used 33779K [0x00000000eab00000, 0x0000000100000000, 0x0000000100000000)
  eden space 261120K, 0% used [0x00000000eab00000,0x00000000eab00000,0x00000000faa00000)
  from space 33792K, 99% used [0x00000000faa00000,0x00000000fcafcfe0,0x00000000fcb00000)
  to   space 54272K, 0% used [0x00000000fcb00000,0x00000000fcb00000,0x0000000100000000)
 ParOldGen       total 87552K, used 74582K [0x00000000c0000000, 0x00000000c5580000, 0x00000000eab00000)
  object space 87552K, 85% used [0x00000000c0000000,0x00000000c48d59c0,0x00000000c5580000)
 Metaspace       used 6461K, capacity 7192K, committed 7424K, reserved 1056768K
  class space    used 622K, capacity 656K, committed 768K, reserved 1048576K
}
Event: 20.334 GC heap before
{Heap before GC invocations=8 (full 1):
 PSYoungGen      total 294912K, used 33779K [0x00000000eab00000, 0x0000000100000000, 0x0000000100000000)
  eden space 261120K, 0% used [0x00000000eab00000,0x00000000eab00000,0x00000000faa00000)
  from space 33792K, 99% used [0x00000000faa00000,0x00000000fcafcfe0,0x00000000fcb00000)
  to   space 54272K, 0% used [0x00000000fcb00000,0x00000000fcb00000,0x0000000100000000)
 ParOldGen       total 87552K, used 74582K [0x00000000c0000000, 0x00000000c5580000, 0x00000000eab00000)
  object space 87552K, 85% used [0x00000000c0000000,0x00000000c48d59c0,0x00000000c5580000)
 Metaspace       used 6461K, capacity 7192K, committed 7424K, reserved 1056768K
  class space    used 622K, capacity 656K, committed 768K, reserved 1048576K
Event: 21.289 GC heap after
Heap after GC invocations=8 (full 1):
 PSYoungGen      total 294912K, used 17346K [0x00000000eab00000, 0x0000000100000000, 0x0000000100000000)
  eden space 261120K, 0% used [0x00000000eab00000,0x00000000eab00000,0x00000000faa00000)
  from space 33792K, 51% used [0x00000000faa00000,0x00000000fbaf0878,0x00000000fcb00000)
  to   space 54272K, 0% used [0x00000000fcb00000,0x00000000fcb00000,0x0000000100000000)
 ParOldGen       total 165376K, used 87264K [0x00000000c0000000, 0x00000000ca180000, 0x00000000eab00000)
  object space 165376K, 52% used [0x00000000c0000000,0x00000000c5538230,0x00000000ca180000)
 Metaspace       used 6461K, capacity 7192K, committed 7424K, reserved 1056768K
  class space    used 622K, capacity 656K, committed 768K, reserved 1048576K
}
Event: 23.630 GC heap before
{Heap before GC invocations=9 (full 1):
 PSYoungGen      total 294912K, used 278466K [0x00000000eab00000, 0x0000000100000000, 0x0000000100000000)
  eden space 261120K, 100% used [0x00000000eab00000,0x00000000faa00000,0x00000000faa00000)
  from space 33792K, 51% used [0x00000000faa00000,0x00000000fbaf0878,0x00000000fcb00000)
  to   space 54272K, 0% used [0x00000000fcb00000,0x00000000fcb00000,0x0000000100000000)
 ParOldGen       total 165376K, used 87264K [0x00000000c0000000, 0x00000000ca180000, 0x00000000eab00000)
  object space 165376K, 52% used [0x00000000c0000000,0x00000000c5538230,0x00000000ca180000)
 Metaspace       used 6506K, capacity 7256K, committed 7424K, reserved 1056768K
  class space    used 622K, capacity 656K, committed 768K, reserved 1048576K
Event: 24.086 GC heap after
Heap after GC invocations=9 (full 1):
 PSYoungGen      total 267264K, used 54255K [0x00000000eab00000, 0x0000000100000000, 0x0000000100000000)
  eden space 212992K, 0% used [0x00000000eab00000,0x00000000eab00000,0x00000000f7b00000)
  from space 54272K, 99% used [0x00000000fcb00000,0x00000000ffffbce0,0x0000000100000000)
  to   space 68096K, 0% used [0x00000000f7b00000,0x00000000f7b00000,0x00000000fbd80000)
 ParOldGen       total 165376K, used 87502K [0x00000000c0000000, 0x00000000ca180000, 0x00000000eab00000)
  object space 165376K, 52% used [0x00000000c0000000,0x00000000c5573800,0x00000000ca180000)
 Metaspace       used 6506K, capacity 7256K, committed 7424K, reserved 1056768K
  class space    used 622K, capacity 656K, committed 768K, reserved 1048576K
}
Event: 25.613 GC heap before
{Heap before GC invocations=10 (full 1):
 PSYoungGen      total 267264K, used 267247K [0x00000000eab00000, 0x0000000100000000, 0x0000000100000000)
  eden space 212992K, 100% used [0x00000000eab00000,0x00000000f7b00000,0x00000000f7b00000)
  from space 54272K, 99% used [0x00000000fcb00000,0x00000000ffffbce0,0x0000000100000000)
  to   space 68096K, 0% used [0x00000000f7b00000,0x00000000f7b00000,0x00000000fbd80000)
 ParOldGen       total 165376K, used 87502K [0x00000000c0000000, 0x00000000ca180000, 0x00000000eab00000)
  object space 165376K, 52% used [0x00000000c0000000,0x00000000c5573800,0x00000000ca180000)
 Metaspace       used 6544K, capacity 7256K, committed 7424K, reserved 1056768K
  class space    used 622K, capacity 656K, committed 768K, reserved 1048576K
Event: 25.751 GC heap after
Heap after GC invocations=10 (full 1):
 PSYoungGen      total 281088K, used 68070K [0x00000000eab00000, 0x0000000100000000, 0x0000000100000000)
  eden space 212992K, 0% used [0x00000000eab00000,0x00000000eab00000,0x00000000f7b00000)
  from space 68096K, 99% used [0x00000000f7b00000,0x00000000fbd79b78,0x00000000fbd80000)
  to   space 68096K, 0% used [0x00000000fbd80000,0x00000000fbd80000,0x0000000100000000)
 ParOldGen       total 165376K, used 102792K [0x00000000c0000000, 0x00000000ca180000, 0x00000000eab00000)
  object space 165376K, 62% used [0x00000000c0000000,0x00000000c64620b8,0x00000000ca180000)
 Metaspace       used 6544K, capacity 7256K, committed 7424K, reserved 1056768K
  class space    used 622K, capacity 656K, committed 768K, reserved 1048576K
}
Event: 29.575 GC heap before
{Heap before GC invocations=11 (full 1):
 PSYoungGen      total 281088K, used 281062K [0x00000000eab00000, 0x0000000100000000, 0x0000000100000000)
  eden space 212992K, 100% used [0x00000000eab00000,0x00000000f7b00000,0x00000000f7b00000)
  from space 68096K, 99% used [0x00000000f7b00000,0x00000000fbd79b78,0x00000000fbd80000)
  to   space 68096K, 0% used [0x00000000fbd80000,0x00000000fbd80000,0x0000000100000000)
 ParOldGen       total 165376K, used 102792K [0x00000000c0000000, 0x00000000ca180000, 0x00000000eab00000)
  object space 165376K, 62% used [0x00000000c0000000,0x00000000c64620b8,0x00000000ca180000)
 Metaspace       used 6556K, capacity 7256K, committed 7424K, reserved 1056768K
  class space    used 622K, capacity 656K, committed 768K, reserved 1048576K
Event: 29.747 GC heap after
Heap after GC invocations=11 (full 1):
 PSYoungGen      total 238080K, used 55847K [0x00000000eab00000, 0x0000000100000000, 0x0000000100000000)
  eden space 169984K, 0% used [0x00000000eab00000,0x00000000eab00000,0x00000000f5100000)
  from space 68096K, 82% used [0x00000000fbd80000,0x00000000ff409e80,0x0000000100000000)
  to   space 89600K, 0% used [0x00000000f5100000,0x00000000f5100000,0x00000000fa880000)
 ParOldGen       total 165376K, used 146988K [0x00000000c0000000, 0x00000000ca180000, 0x00000000eab00000)
  object space 165376K, 88% used [0x00000000c0000000,0x00000000c8f8b160,0x00000000ca180000)
 Metaspace       used 6556K, capacity 7256K, committed 7424K, reserved 1056768K
  class space    used 622K, capacity 656K, committed 768K, reserved 1048576K
}
Event: 29.747 GC heap before
{Heap before GC invocations=12 (full 2):
 PSYoungGen      total 238080K, used 55847K [0x00000000eab00000, 0x0000000100000000, 0x0000000100000000)
  eden space 169984K, 0% used [0x00000000eab00000,0x00000000eab00000,0x00000000f5100000)
  from space 68096K, 82% used [0x00000000fbd80000,0x00000000ff409e80,0x0000000100000000)
  to   space 89600K, 0% used [0x00000000f5100000,0x00000000f5100000,0x00000000fa880000)
 ParOldGen       total 165376K, used 146988K [0x00000000c0000000, 0x00000000ca180000, 0x00000000eab00000)
  object space 165376K, 88% used [0x00000000c0000000,0x00000000c8f8b160,0x00000000ca180000)
 Metaspace       used 6556K, capacity 7256K, committed 7424K, reserved 1056768K
  class space    used 622K, capacity 656K, committed 768K, reserved 1048576K

