# JRE version: Java(TM) SE Runtime Environment (8.0_102-b14) (build 1.8.0_102-b14)
# Java VM: Java HotSpot(TM) 64-Bit Server VM (25.102-b14 mixed mode windows-amd64 compressed oops)
Heap:
 PSYoungGen      total 942080K, used 942059K [0x000000076ab00000, 0x00000007c0000000, 0x00000007c0000000)
  eden space 603136K, 100% used [0x000000076ab00000,0x000000078f800000,0x000000078f800000)
  from space 338944K, 99% used [0x00000007ab500000,0x00000007bfffad90,0x00000007c0000000)
  to   space 397312K, 65% used [0x000000078f800000,0x000000079f7e9730,0x00000007a7c00000)
 ParOldGen       total 1164288K, used 958554K [0x00000006c0000000, 0x0000000707100000, 0x000000076ab00000)
  object space 1164288K, 82% used [0x00000006c0000000,0x00000006fa816a78,0x0000000707100000)
 Metaspace       used 6862K, capacity 7448K, committed 7680K, reserved 1056768K
  class space    used 638K, capacity 656K, committed 768K, reserved 1048576K
GC Heap History (10 events):
Event: 22.271 GC heap after
Heap after GC invocations=21 (full 4):
 PSYoungGen      total 1030144K, used 240636K [0x000000076ab00000, 0x00000007c0000000, 0x00000007c0000000)
  eden space 789504K, 0% used [0x000000076ab00000,0x000000076ab00000,0x000000079ae00000)
  from space 240640K, 99% used [0x000000079ae00000,0x00000007a98ff310,0x00000007a9900000)
  to   space 300544K, 0% used [0x00000007ada80000,0x00000007ada80000,0x00000007c0000000)
 ParOldGen       total 777216K, used 650808K [0x00000006c0000000, 0x00000006ef700000, 0x000000076ab00000)
  object space 777216K, 83% used [0x00000006c0000000,0x00000006e7b8e1b8,0x00000006ef700000)
 Metaspace       used 6753K, capacity 7384K, committed 7680K, reserved 1056768K
  class space    used 632K, capacity 656K, committed 768K, reserved 1048576K
}
Event: 23.624 GC heap before
{Heap before GC invocations=22 (full 4):
 PSYoungGen      total 1030144K, used 1030140K [0x000000076ab00000, 0x00000007c0000000, 0x00000007c0000000)
  eden space 789504K, 100% used [0x000000076ab00000,0x000000079ae00000,0x000000079ae00000)
  from space 240640K, 99% used [0x000000079ae00000,0x00000007a98ff310,0x00000007a9900000)
  to   space 300544K, 0% used [0x00000007ada80000,0x00000007ada80000,0x00000007c0000000)
 ParOldGen       total 777216K, used 650808K [0x00000006c0000000, 0x00000006ef700000, 0x000000076ab00000)
  object space 777216K, 83% used [0x00000006c0000000,0x00000006e7b8e1b8,0x00000006ef700000)
 Metaspace       used 6753K, capacity 7384K, committed 7680K, reserved 1056768K
  class space    used 632K, capacity 656K, committed 768K, reserved 1048576K
Event: 23.911 GC heap after
Heap after GC invocations=22 (full 4):
 PSYoungGen      total 1083904K, used 180869K [0x000000076ab00000, 0x00000007c0000000, 0x00000007c0000000)
  eden space 783360K, 0% used [0x000000076ab00000,0x000000076ab00000,0x000000079a800000)
  from space 300544K, 60% used [0x00000007ada80000,0x00000007b8b21750,0x00000007c0000000)
  to   space 307200K, 0% used [0x000000079a800000,0x000000079a800000,0x00000007ad400000)
 ParOldGen       total 783360K, used 783154K [0x00000006c0000000, 0x00000006efd00000, 0x000000076ab00000)
  object space 783360K, 99% used [0x00000006c0000000,0x00000006efcccb48,0x00000006efd00000)
 Metaspace       used 6753K, capacity 7384K, committed 7680K, reserved 1056768K
  class space    used 632K, capacity 656K, committed 768K, reserved 1048576K
}
Event: 23.911 GC heap before
{Heap before GC invocations=23 (full 5):
 PSYoungGen      total 1083904K, used 180869K [0x000000076ab00000, 0x00000007c0000000, 0x00000007c0000000)
  eden space 783360K, 0% used [0x000000076ab00000,0x000000076ab00000,0x000000079a800000)
  from space 300544K, 60% used [0x00000007ada80000,0x00000007b8b21750,0x00000007c0000000)
  to   space 307200K, 0% used [0x000000079a800000,0x000000079a800000,0x00000007ad400000)
 ParOldGen       total 783360K, used 783154K [0x00000006c0000000, 0x00000006efd00000, 0x000000076ab00000)
  object space 783360K, 99% used [0x00000006c0000000,0x00000006efcccb48,0x00000006efd00000)
 Metaspace       used 6753K, capacity 7384K, committed 7680K, reserved 1056768K
  class space    used 632K, capacity 656K, committed 768K, reserved 1048576K
Event: 27.435 GC heap after
Heap after GC invocations=23 (full 5):
 PSYoungGen      total 1083904K, used 169927K [0x000000076ab00000, 0x00000007c0000000, 0x00000007c0000000)
  eden space 783360K, 0% used [0x000000076ab00000,0x000000076ab00000,0x000000079a800000)
  from space 300544K, 56% used [0x00000007ada80000,0x00000007b8071c50,0x00000007c0000000)
  to   space 307200K, 0% used [0x000000079a800000,0x000000079a800000,0x00000007ad400000)
 ParOldGen       total 1164288K, used 783096K [0x00000006c0000000, 0x0000000707100000, 0x000000076ab00000)
  object space 1164288K, 67% used [0x00000006c0000000,0x00000006efcbe3e0,0x0000000707100000)
 Metaspace       used 6753K, capacity 7384K, committed 7680K, reserved 1056768K
  class space    used 632K, capacity 656K, committed 768K, reserved 1048576K
}
Event: 28.723 GC heap before
{Heap before GC invocations=24 (full 5):
 PSYoungGen      total 1083904K, used 953287K [0x000000076ab00000, 0x00000007c0000000, 0x00000007c0000000)
  eden space 783360K, 100% used [0x000000076ab00000,0x000000079a800000,0x000000079a800000)
  from space 300544K, 56% used [0x00000007ada80000,0x00000007b8071c50,0x00000007c0000000)
  to   space 307200K, 0% used [0x000000079a800000,0x000000079a800000,0x00000007ad400000)
 ParOldGen       total 1164288K, used 783096K [0x00000006c0000000, 0x0000000707100000, 0x000000076ab00000)
  object space 1164288K, 67% used [0x00000006c0000000,0x00000006efcbe3e0,0x0000000707100000)
 Metaspace       used 6754K, capacity 7384K, committed 7680K, reserved 1056768K
  class space    used 632K, capacity 656K, committed 768K, reserved 1048576K
Event: 28.940 GC heap after
Heap after GC invocations=24 (full 5):
 PSYoungGen      total 1037824K, used 254347K [0x000000076ab00000, 0x00000007c0000000, 0x00000007c0000000)
  eden space 783360K, 0% used [0x000000076ab00000,0x000000076ab00000,0x000000079a800000)
  from space 254464K, 99% used [0x000000079a800000,0x00000007aa062c80,0x00000007aa080000)
  to   space 338944K, 0% used [0x00000007ab500000,0x00000007ab500000,0x00000007c0000000)
 ParOldGen       total 1164288K, used 783096K [0x00000006c0000000, 0x0000000707100000, 0x000000076ab00000)
  object space 1164288K, 67% used [0x00000006c0000000,0x00000006efcbe3e0,0x0000000707100000)
 Metaspace       used 6754K, capacity 7384K, committed 7680K, reserved 1056768K
  class space    used 632K, capacity 656K, committed 768K, reserved 1048576K
}
Event: 30.182 GC heap before
{Heap before GC invocations=25 (full 5):
 PSYoungGen      total 1037824K, used 1037707K [0x000000076ab00000, 0x00000007c0000000, 0x00000007c0000000)
  eden space 783360K, 100% used [0x000000076ab00000,0x000000079a800000,0x000000079a800000)
  from space 254464K, 99% used [0x000000079a800000,0x00000007aa062c80,0x00000007aa080000)
  to   space 338944K, 0% used [0x00000007ab500000,0x00000007ab500000,0x00000007c0000000)
 ParOldGen       total 1164288K, used 783096K [0x00000006c0000000, 0x0000000707100000, 0x000000076ab00000)
  object space 1164288K, 67% used [0x00000006c0000000,0x00000006efcbe3e0,0x0000000707100000)
 Metaspace       used 6858K, capacity 7448K, committed 7680K, reserved 1056768K
  class space    used 638K, capacity 656K, committed 768K, reserved 1048576K
Event: 30.432 GC heap after
Heap after GC invocations=25 (full 5):
 PSYoungGen      total 942080K, used 338923K [0x000000076ab00000, 0x00000007c0000000, 0x00000007c0000000)
  eden space 603136K, 0% used [0x000000076ab00000,0x000000076ab00000,0x000000078f800000)
  from space 338944K, 99% used [0x00000007ab500000,0x00000007bfffad90,0x00000007c0000000)
  to   space 397312K, 0% used [0x000000078f800000,0x000000078f800000,0x00000007a7c00000)
 ParOldGen       total 1164288K, used 789768K [0x00000006c0000000, 0x0000000707100000, 0x000000076ab00000)
  object space 1164288K, 67% used [0x00000006c0000000,0x00000006f03420a8,0x0000000707100000)
 Metaspace       used 6858K, capacity 7448K, committed 7680K, reserved 1056768K
  class space    used 638K, capacity 656K, committed 768K, reserved 1048576K
}
Event: 31.233 GC heap before
{Heap before GC invocations=26 (full 5):
 PSYoungGen      total 942080K, used 942059K [0x000000076ab00000, 0x00000007c0000000, 0x00000007c0000000)
  eden space 603136K, 100% used [0x000000076ab00000,0x000000078f800000,0x000000078f800000)
  from space 338944K, 99% used [0x00000007ab500000,0x00000007bfffad90,0x00000007c0000000)
  to   space 397312K, 0% used [0x000000078f800000,0x000000078f800000,0x00000007a7c00000)
 ParOldGen       total 1164288K, used 789768K [0x00000006c0000000, 0x0000000707100000, 0x000000076ab00000)
  object space 1164288K, 67% used [0x00000006c0000000,0x00000006f03420a8,0x0000000707100000)
 Metaspace       used 6862K, capacity 7448K, committed 7680K, reserved 1056768K
  class space    used 638K, capacity 656K, committed 768K, reserved 1048576K

