# JRE version: Java(TM) SE Runtime Environment (8.0_102-b14) (build 1.8.0_102-b14)
# Java VM: Java HotSpot(TM) 64-Bit Server VM (25.102-b14 mixed mode windows-amd64 compressed oops)
Heap:
 PSYoungGen      total 1114112K, used 955042K [0x000000076ab00000, 0x00000007c0000000, 0x00000007c0000000)
  eden space 828416K, 100% used [0x000000076ab00000,0x000000079d400000,0x000000079d400000)
  from space 285696K, 44% used [0x00000007ae900000,0x00000007b64a8878,0x00000007c0000000)
  to   space 283648K, 70% used [0x000000079d400000,0x00000007a9607e08,0x00000007ae900000)
 ParOldGen       total 1206784K, used 805406K [0x00000006c0000000, 0x0000000709a80000, 0x000000076ab00000)
  object space 1206784K, 66% used [0x00000006c0000000,0x00000006f1287978,0x0000000709a80000)
 Metaspace       used 6753K, capacity 7384K, committed 7680K, reserved 1056768K
  class space    used 633K, capacity 656K, committed 768K, reserved 1048576K
GC Heap History (10 events):
Event: 14.424 GC heap after
Heap after GC invocations=19 (full 4):
 PSYoungGen      total 908800K, used 98115K [0x000000076ab00000, 0x00000007b3a00000, 0x00000007c0000000)
  eden space 705024K, 0% used [0x000000076ab00000,0x000000076ab00000,0x0000000795b80000)
  from space 203776K, 48% used [0x0000000795b80000,0x000000079bb50f60,0x00000007a2280000)
  to   space 199680K, 0% used [0x00000007a7700000,0x00000007a7700000,0x00000007b3a00000)
 ParOldGen       total 788992K, used 587453K [0x00000006c0000000, 0x00000006f0280000, 0x000000076ab00000)
  object space 788992K, 74% used [0x00000006c0000000,0x00000006e3daf5e8,0x00000006f0280000)
 Metaspace       used 6739K, capacity 7384K, committed 7680K, reserved 1056768K
  class space    used 633K, capacity 656K, committed 768K, reserved 1048576K
}
Event: 15.381 GC heap before
{Heap before GC invocations=20 (full 4):
 PSYoungGen      total 908800K, used 803139K [0x000000076ab00000, 0x00000007b3a00000, 0x00000007c0000000)
  eden space 705024K, 100% used [0x000000076ab00000,0x0000000795b80000,0x0000000795b80000)
  from space 203776K, 48% used [0x0000000795b80000,0x000000079bb50f60,0x00000007a2280000)
  to   space 199680K, 0% used [0x00000007a7700000,0x00000007a7700000,0x00000007b3a00000)
 ParOldGen       total 788992K, used 587453K [0x00000006c0000000, 0x00000006f0280000, 0x000000076ab00000)
  object space 788992K, 74% used [0x00000006c0000000,0x00000006e3daf5e8,0x00000006f0280000)
 Metaspace       used 6746K, capacity 7384K, committed 7680K, reserved 1056768K
  class space    used 633K, capacity 656K, committed 768K, reserved 1048576K
Event: 15.496 GC heap after
Heap after GC invocations=20 (full 4):
 PSYoungGen      total 965632K, used 189107K [0x000000076ab00000, 0x00000007b7700000, 0x00000007c0000000)
  eden space 765952K, 0% used [0x000000076ab00000,0x000000076ab00000,0x0000000799700000)
  from space 199680K, 94% used [0x00000007a7700000,0x00000007b2facf60,0x00000007b3a00000)
  to   space 229376K, 0% used [0x0000000799700000,0x0000000799700000,0x00000007a7700000)
 ParOldGen       total 788992K, used 587453K [0x00000006c0000000, 0x00000006f0280000, 0x000000076ab00000)
  object space 788992K, 74% used [0x00000006c0000000,0x00000006e3daf5e8,0x00000006f0280000)
 Metaspace       used 6746K, capacity 7384K, committed 7680K, reserved 1056768K
  class space    used 633K, capacity 656K, committed 768K, reserved 1048576K
}
Event: 16.583 GC heap before
{Heap before GC invocations=21 (full 4):
 PSYoungGen      total 965632K, used 955059K [0x000000076ab00000, 0x00000007b7700000, 0x00000007c0000000)
  eden space 765952K, 100% used [0x000000076ab00000,0x0000000799700000,0x0000000799700000)
  from space 199680K, 94% used [0x00000007a7700000,0x00000007b2facf60,0x00000007b3a00000)
  to   space 229376K, 0% used [0x0000000799700000,0x0000000799700000,0x00000007a7700000)
 ParOldGen       total 788992K, used 587453K [0x00000006c0000000, 0x00000006f0280000, 0x000000076ab00000)
  object space 788992K, 74% used [0x00000006c0000000,0x00000006e3daf5e8,0x00000006f0280000)
 Metaspace       used 6752K, capacity 7384K, committed 7680K, reserved 1056768K
  class space    used 633K, capacity 656K, committed 768K, reserved 1048576K
Event: 16.758 GC heap after
Heap after GC invocations=21 (full 4):
 PSYoungGen      total 995328K, used 229362K [0x000000076ab00000, 0x00000007c0000000, 0x00000007c0000000)
  eden space 765952K, 0% used [0x000000076ab00000,0x000000076ab00000,0x0000000799700000)
  from space 229376K, 99% used [0x0000000799700000,0x00000007a76fc978,0x00000007a7700000)
  to   space 285696K, 0% used [0x00000007ae900000,0x00000007ae900000,0x00000007c0000000)
 ParOldGen       total 788992K, used 636869K [0x00000006c0000000, 0x00000006f0280000, 0x000000076ab00000)
  object space 788992K, 80% used [0x00000006c0000000,0x00000006e6df17a8,0x00000006f0280000)
 Metaspace       used 6752K, capacity 7384K, committed 7680K, reserved 1056768K
  class space    used 633K, capacity 656K, committed 768K, reserved 1048576K
}
Event: 17.853 GC heap before
{Heap before GC invocations=22 (full 4):
 PSYoungGen      total 995328K, used 995314K [0x000000076ab00000, 0x00000007c0000000, 0x00000007c0000000)
  eden space 765952K, 100% used [0x000000076ab00000,0x0000000799700000,0x0000000799700000)
  from space 229376K, 99% used [0x0000000799700000,0x00000007a76fc978,0x00000007a7700000)
  to   space 285696K, 0% used [0x00000007ae900000,0x00000007ae900000,0x00000007c0000000)
 ParOldGen       total 788992K, used 636869K [0x00000006c0000000, 0x00000006f0280000, 0x000000076ab00000)
  object space 788992K, 80% used [0x00000006c0000000,0x00000006e6df17a8,0x00000006f0280000)
 Metaspace       used 6752K, capacity 7384K, committed 7680K, reserved 1056768K
  class space    used 633K, capacity 656K, committed 768K, reserved 1048576K
Event: 18.041 GC heap after
Heap after GC invocations=22 (full 4):
 PSYoungGen      total 1114112K, used 149674K [0x000000076ab00000, 0x00000007c0000000, 0x00000007c0000000)
  eden space 828416K, 0% used [0x000000076ab00000,0x000000076ab00000,0x000000079d400000)
  from space 285696K, 52% used [0x00000007ae900000,0x00000007b7b2a960,0x00000007c0000000)
  to   space 283648K, 0% used [0x000000079d400000,0x000000079d400000,0x00000007ae900000)
 ParOldGen       total 805888K, used 805785K [0x00000006c0000000, 0x00000006f1300000, 0x000000076ab00000)
  object space 805888K, 99% used [0x00000006c0000000,0x00000006f12e6450,0x00000006f1300000)
 Metaspace       used 6752K, capacity 7384K, committed 7680K, reserved 1056768K
  class space    used 633K, capacity 656K, committed 768K, reserved 1048576K
}
Event: 18.041 GC heap before
{Heap before GC invocations=23 (full 5):
 PSYoungGen      total 1114112K, used 149674K [0x000000076ab00000, 0x00000007c0000000, 0x00000007c0000000)
  eden space 828416K, 0% used [0x000000076ab00000,0x000000076ab00000,0x000000079d400000)
  from space 285696K, 52% used [0x00000007ae900000,0x00000007b7b2a960,0x00000007c0000000)
  to   space 283648K, 0% used [0x000000079d400000,0x000000079d400000,0x00000007ae900000)
 ParOldGen       total 805888K, used 805785K [0x00000006c0000000, 0x00000006f1300000, 0x000000076ab00000)
  object space 805888K, 99% used [0x00000006c0000000,0x00000006f12e6450,0x00000006f1300000)
 Metaspace       used 6752K, capacity 7384K, committed 7680K, reserved 1056768K
  class space    used 633K, capacity 656K, committed 768K, reserved 1048576K
Event: 21.328 GC heap after
Heap after GC invocations=23 (full 5):
 PSYoungGen      total 1114112K, used 126626K [0x000000076ab00000, 0x00000007c0000000, 0x00000007c0000000)
  eden space 828416K, 0% used [0x000000076ab00000,0x000000076ab00000,0x000000079d400000)
  from space 285696K, 44% used [0x00000007ae900000,0x00000007b64a8878,0x00000007c0000000)
  to   space 283648K, 0% used [0x000000079d400000,0x000000079d400000,0x00000007ae900000)
 ParOldGen       total 1206784K, used 805406K [0x00000006c0000000, 0x0000000709a80000, 0x000000076ab00000)
  object space 1206784K, 66% used [0x00000006c0000000,0x00000006f1287978,0x0000000709a80000)
 Metaspace       used 6752K, capacity 7384K, committed 7680K, reserved 1056768K
  class space    used 633K, capacity 656K, committed 768K, reserved 1048576K
}
Event: 22.810 GC heap before
{Heap before GC invocations=24 (full 5):
 PSYoungGen      total 1114112K, used 955042K [0x000000076ab00000, 0x00000007c0000000, 0x00000007c0000000)
  eden space 828416K, 100% used [0x000000076ab00000,0x000000079d400000,0x000000079d400000)
  from space 285696K, 44% used [0x00000007ae900000,0x00000007b64a8878,0x00000007c0000000)
  to   space 283648K, 0% used [0x000000079d400000,0x000000079d400000,0x00000007ae900000)
 ParOldGen       total 1206784K, used 805406K [0x00000006c0000000, 0x0000000709a80000, 0x000000076ab00000)
  object space 1206784K, 66% used [0x00000006c0000000,0x00000006f1287978,0x0000000709a80000)
 Metaspace       used 6753K, capacity 7384K, committed 7680K, reserved 1056768K
  class space    used 633K, capacity 656K, committed 768K, reserved 1048576K

