# JRE version: Java(TM) SE Runtime Environment (8.0_102-b14) (build 1.8.0_102-b14)
# Java VM: Java HotSpot(TM) 64-Bit Server VM (25.102-b14 mixed mode windows-amd64 compressed oops)
Heap:
 PSYoungGen      total 1001984K, used 888666K [0x000000076ab00000, 0x00000007c0000000, 0x00000007c0000000)
  eden space 711680K, 100% used [0x000000076ab00000,0x0000000796200000,0x0000000796200000)
  from space 290304K, 60% used [0x00000007ae480000,0x00000007b9156830,0x00000007c0000000)
  to   space 343040K, 55% used [0x0000000796200000,0x00000007a1bd85b0,0x00000007ab100000)
 ParOldGen       total 1190400K, used 800012K [0x00000006c0000000, 0x0000000708a80000, 0x000000076ab00000)
  object space 1190400K, 67% used [0x00000006c0000000,0x00000006f0d43250,0x0000000708a80000)
 Metaspace       used 6748K, capacity 7384K, committed 7680K, reserved 1056768K
  class space    used 633K, capacity 656K, committed 768K, reserved 1048576K
GC Heap History (10 events):
Event: 15.603 GC heap after
Heap after GC invocations=19 (full 4):
 PSYoungGen      total 1011200K, used 226297K [0x000000076ab00000, 0x00000007c0000000, 0x00000007c0000000)
  eden space 784896K, 0% used [0x000000076ab00000,0x000000076ab00000,0x000000079a980000)
  from space 226304K, 99% used [0x000000079a980000,0x00000007a867e658,0x00000007a8680000)
  to   space 267776K, 0% used [0x00000007afa80000,0x00000007afa80000,0x00000007c0000000)
 ParOldGen       total 734208K, used 478084K [0x00000006c0000000, 0x00000006ecd00000, 0x000000076ab00000)
  object space 734208K, 65% used [0x00000006c0000000,0x00000006dd2e13a8,0x00000006ecd00000)
 Metaspace       used 6736K, capacity 7384K, committed 7680K, reserved 1056768K
  class space    used 633K, capacity 656K, committed 768K, reserved 1048576K
}
Event: 16.766 GC heap before
{Heap before GC invocations=20 (full 4):
 PSYoungGen      total 1011200K, used 1011193K [0x000000076ab00000, 0x00000007c0000000, 0x00000007c0000000)
  eden space 784896K, 100% used [0x000000076ab00000,0x000000079a980000,0x000000079a980000)
  from space 226304K, 99% used [0x000000079a980000,0x00000007a867e658,0x00000007a8680000)
  to   space 267776K, 0% used [0x00000007afa80000,0x00000007afa80000,0x00000007c0000000)
 ParOldGen       total 734208K, used 478084K [0x00000006c0000000, 0x00000006ecd00000, 0x000000076ab00000)
  object space 734208K, 65% used [0x00000006c0000000,0x00000006dd2e13a8,0x00000006ecd00000)
 Metaspace       used 6747K, capacity 7384K, committed 7680K, reserved 1056768K
  class space    used 633K, capacity 656K, committed 768K, reserved 1048576K
Event: 16.990 GC heap after
Heap after GC invocations=20 (full 4):
 PSYoungGen      total 1084928K, used 202191K [0x000000076ab00000, 0x00000007c0000000, 0x00000007c0000000)
  eden space 817152K, 0% used [0x000000076ab00000,0x000000076ab00000,0x000000079c900000)
  from space 267776K, 75% used [0x00000007afa80000,0x00000007bbff3dd8,0x00000007c0000000)
  to   space 290304K, 0% used [0x000000079c900000,0x000000079c900000,0x00000007ae480000)
 ParOldGen       total 734208K, used 598101K [0x00000006c0000000, 0x00000006ecd00000, 0x000000076ab00000)
  object space 734208K, 81% used [0x00000006c0000000,0x00000006e4815760,0x00000006ecd00000)
 Metaspace       used 6747K, capacity 7384K, committed 7680K, reserved 1056768K
  class space    used 633K, capacity 656K, committed 768K, reserved 1048576K
}
Event: 18.191 GC heap before
{Heap before GC invocations=21 (full 4):
 PSYoungGen      total 1084928K, used 1019343K [0x000000076ab00000, 0x00000007c0000000, 0x00000007c0000000)
  eden space 817152K, 100% used [0x000000076ab00000,0x000000079c900000,0x000000079c900000)
  from space 267776K, 75% used [0x00000007afa80000,0x00000007bbff3dd8,0x00000007c0000000)
  to   space 290304K, 0% used [0x000000079c900000,0x000000079c900000,0x00000007ae480000)
 ParOldGen       total 734208K, used 598101K [0x00000006c0000000, 0x00000006ecd00000, 0x000000076ab00000)
  object space 734208K, 81% used [0x00000006c0000000,0x00000006e4815760,0x00000006ecd00000)
 Metaspace       used 6747K, capacity 7384K, committed 7680K, reserved 1056768K
  class space    used 633K, capacity 656K, committed 768K, reserved 1048576K
Event: 18.348 GC heap after
Heap after GC invocations=21 (full 4):
 PSYoungGen      total 1107456K, used 290293K [0x000000076ab00000, 0x00000007c0000000, 0x00000007c0000000)
  eden space 817152K, 0% used [0x000000076ab00000,0x000000076ab00000,0x000000079c900000)
  from space 290304K, 99% used [0x000000079c900000,0x00000007ae47d408,0x00000007ae480000)
  to   space 290304K, 0% used [0x00000007ae480000,0x00000007ae480000,0x00000007c0000000)
 ParOldGen       total 734208K, used 601510K [0x00000006c0000000, 0x00000006ecd00000, 0x000000076ab00000)
  object space 734208K, 81% used [0x00000006c0000000,0x00000006e4b69950,0x00000006ecd00000)
 Metaspace       used 6747K, capacity 7384K, committed 7680K, reserved 1056768K
  class space    used 633K, capacity 656K, committed 768K, reserved 1048576K
}
Event: 19.270 GC heap before
{Heap before GC invocations=22 (full 4):
 PSYoungGen      total 1107456K, used 1107445K [0x000000076ab00000, 0x00000007c0000000, 0x00000007c0000000)
  eden space 817152K, 100% used [0x000000076ab00000,0x000000079c900000,0x000000079c900000)
  from space 290304K, 99% used [0x000000079c900000,0x00000007ae47d408,0x00000007ae480000)
  to   space 290304K, 0% used [0x00000007ae480000,0x00000007ae480000,0x00000007c0000000)
 ParOldGen       total 734208K, used 601510K [0x00000006c0000000, 0x00000006ecd00000, 0x000000076ab00000)
  object space 734208K, 81% used [0x00000006c0000000,0x00000006e4b69950,0x00000006ecd00000)
 Metaspace       used 6748K, capacity 7384K, committed 7680K, reserved 1056768K
  class space    used 633K, capacity 656K, committed 768K, reserved 1048576K
Event: 19.505 GC heap after
Heap after GC invocations=22 (full 4):
 PSYoungGen      total 1001984K, used 188558K [0x000000076ab00000, 0x00000007c0000000, 0x00000007c0000000)
  eden space 711680K, 0% used [0x000000076ab00000,0x000000076ab00000,0x0000000796200000)
  from space 290304K, 64% used [0x00000007ae480000,0x00000007b9ca3a50,0x00000007c0000000)
  to   space 343040K, 0% used [0x0000000796200000,0x0000000796200000,0x00000007ab100000)
 ParOldGen       total 800256K, used 799320K [0x00000006c0000000, 0x00000006f0d80000, 0x000000076ab00000)
  object space 800256K, 99% used [0x00000006c0000000,0x00000006f0c96310,0x00000006f0d80000)
 Metaspace       used 6748K, capacity 7384K, committed 7680K, reserved 1056768K
  class space    used 633K, capacity 656K, committed 768K, reserved 1048576K
}
Event: 19.505 GC heap before
{Heap before GC invocations=23 (full 5):
 PSYoungGen      total 1001984K, used 188558K [0x000000076ab00000, 0x00000007c0000000, 0x00000007c0000000)
  eden space 711680K, 0% used [0x000000076ab00000,0x000000076ab00000,0x0000000796200000)
  from space 290304K, 64% used [0x00000007ae480000,0x00000007b9ca3a50,0x00000007c0000000)
  to   space 343040K, 0% used [0x0000000796200000,0x0000000796200000,0x00000007ab100000)
 ParOldGen       total 800256K, used 799320K [0x00000006c0000000, 0x00000006f0d80000, 0x000000076ab00000)
  object space 800256K, 99% used [0x00000006c0000000,0x00000006f0c96310,0x00000006f0d80000)
 Metaspace       used 6748K, capacity 7384K, committed 7680K, reserved 1056768K
  class space    used 633K, capacity 656K, committed 768K, reserved 1048576K
Event: 22.313 GC heap after
Heap after GC invocations=23 (full 5):
 PSYoungGen      total 1001984K, used 176986K [0x000000076ab00000, 0x00000007c0000000, 0x00000007c0000000)
  eden space 711680K, 0% used [0x000000076ab00000,0x000000076ab00000,0x0000000796200000)
  from space 290304K, 60% used [0x00000007ae480000,0x00000007b9156830,0x00000007c0000000)
  to   space 343040K, 0% used [0x0000000796200000,0x0000000796200000,0x00000007ab100000)
 ParOldGen       total 1190400K, used 800012K [0x00000006c0000000, 0x0000000708a80000, 0x000000076ab00000)
  object space 1190400K, 67% used [0x00000006c0000000,0x00000006f0d43250,0x0000000708a80000)
 Metaspace       used 6748K, capacity 7384K, committed 7680K, reserved 1056768K
  class space    used 633K, capacity 656K, committed 768K, reserved 1048576K
}
Event: 23.261 GC heap before
{Heap before GC invocations=24 (full 5):
 PSYoungGen      total 1001984K, used 888666K [0x000000076ab00000, 0x00000007c0000000, 0x00000007c0000000)
  eden space 711680K, 100% used [0x000000076ab00000,0x0000000796200000,0x0000000796200000)
  from space 290304K, 60% used [0x00000007ae480000,0x00000007b9156830,0x00000007c0000000)
  to   space 343040K, 0% used [0x0000000796200000,0x0000000796200000,0x00000007ab100000)
 ParOldGen       total 1190400K, used 800012K [0x00000006c0000000, 0x0000000708a80000, 0x000000076ab00000)
  object space 1190400K, 67% used [0x00000006c0000000,0x00000006f0d43250,0x0000000708a80000)
 Metaspace       used 6748K, capacity 7384K, committed 7680K, reserved 1056768K
  class space    used 633K, capacity 656K, committed 768K, reserved 1048576K

