# JRE version: Java(TM) SE Runtime Environment (8.0_102-b14) (build 1.8.0_102-b14)
# Java VM: Java HotSpot(TM) 64-Bit Server VM (25.102-b14 mixed mode windows-amd64 compressed oops)
Heap:
 PSYoungGen      total 931840K, used 227012K [0x000000076ab00000, 0x00000007c0000000, 0x00000007c0000000)
  eden space 465920K, 32% used [0x000000076ab00000,0x00000007740a9cf8,0x0000000787200000)
  from space 465920K, 15% used [0x00000007a3900000,0x00000007a8107600,0x00000007c0000000)
  to   space 465920K, 0% used [0x0000000787200000,0x0000000787200000,0x00000007a3900000)
 ParOldGen       total 1203200K, used 1043559K [0x00000006c0000000, 0x0000000709700000, 0x000000076ab00000)
  object space 1203200K, 86% used [0x00000006c0000000,0x00000006ffb19cf8,0x0000000709700000)
 Metaspace       used 7574K, capacity 7960K, committed 8192K, reserved 1056768K
  class space    used 687K, capacity 720K, committed 768K, reserved 1048576K
GC Heap History (10 events):
Event: 40.069 GC heap before
{Heap before GC invocations=39 (full 7):
 PSYoungGen      total 931840K, used 658774K [0x000000076ab00000, 0x00000007c0000000, 0x00000007c0000000)
  eden space 465920K, 100% used [0x000000076ab00000,0x0000000787200000,0x0000000787200000)
  from space 465920K, 41% used [0x0000000787200000,0x0000000792e55890,0x00000007a3900000)
  to   space 465920K, 0% used [0x00000007a3900000,0x00000007a3900000,0x00000007c0000000)
 ParOldGen       total 1203200K, used 750356K [0x00000006c0000000, 0x0000000709700000, 0x000000076ab00000)
  object space 1203200K, 62% used [0x00000006c0000000,0x00000006edcc5288,0x0000000709700000)
 Metaspace       used 7570K, capacity 7960K, committed 8192K, reserved 1056768K
  class space    used 686K, capacity 720K, committed 768K, reserved 1048576K
Event: 40.155 GC heap after
Heap after GC invocations=39 (full 7):
 PSYoungGen      total 931840K, used 153867K [0x000000076ab00000, 0x00000007c0000000, 0x00000007c0000000)
  eden space 465920K, 0% used [0x000000076ab00000,0x000000076ab00000,0x0000000787200000)
  from space 465920K, 33% used [0x00000007a3900000,0x00000007acf42c80,0x00000007c0000000)
  to   space 465920K, 0% used [0x0000000787200000,0x0000000787200000,0x00000007a3900000)
 ParOldGen       total 1203200K, used 791604K [0x00000006c0000000, 0x0000000709700000, 0x000000076ab00000)
  object space 1203200K, 65% used [0x00000006c0000000,0x00000006f050d3d0,0x0000000709700000)
 Metaspace       used 7570K, capacity 7960K, committed 8192K, reserved 1056768K
  class space    used 686K, capacity 720K, committed 768K, reserved 1048576K
}
Event: 40.627 GC heap before
{Heap before GC invocations=40 (full 7):
 PSYoungGen      total 931840K, used 619787K [0x000000076ab00000, 0x00000007c0000000, 0x00000007c0000000)
  eden space 465920K, 100% used [0x000000076ab00000,0x0000000787200000,0x0000000787200000)
  from space 465920K, 33% used [0x00000007a3900000,0x00000007acf42c80,0x00000007c0000000)
  to   space 465920K, 0% used [0x0000000787200000,0x0000000787200000,0x00000007a3900000)
 ParOldGen       total 1203200K, used 791604K [0x00000006c0000000, 0x0000000709700000, 0x000000076ab00000)
  object space 1203200K, 65% used [0x00000006c0000000,0x00000006f050d3d0,0x0000000709700000)
 Metaspace       used 7571K, capacity 7960K, committed 8192K, reserved 1056768K
  class space    used 686K, capacity 720K, committed 768K, reserved 1048576K
Event: 40.697 GC heap after
Heap after GC invocations=40 (full 7):
 PSYoungGen      total 931840K, used 76809K [0x000000076ab00000, 0x00000007c0000000, 0x00000007c0000000)
  eden space 465920K, 0% used [0x000000076ab00000,0x000000076ab00000,0x0000000787200000)
  from space 465920K, 16% used [0x0000000787200000,0x000000078bd02778,0x00000007a3900000)
  to   space 465920K, 0% used [0x00000007a3900000,0x00000007a3900000,0x00000007c0000000)
 ParOldGen       total 1203200K, used 829823K [0x00000006c0000000, 0x0000000709700000, 0x000000076ab00000)
  object space 1203200K, 68% used [0x00000006c0000000,0x00000006f2a5fcc0,0x0000000709700000)
 Metaspace       used 7571K, capacity 7960K, committed 8192K, reserved 1056768K
  class space    used 686K, capacity 720K, committed 768K, reserved 1048576K
}
Event: 41.115 GC heap before
{Heap before GC invocations=41 (full 7):
 PSYoungGen      total 931840K, used 542729K [0x000000076ab00000, 0x00000007c0000000, 0x00000007c0000000)
  eden space 465920K, 100% used [0x000000076ab00000,0x0000000787200000,0x0000000787200000)
  from space 465920K, 16% used [0x0000000787200000,0x000000078bd02778,0x00000007a3900000)
  to   space 465920K, 0% used [0x00000007a3900000,0x00000007a3900000,0x00000007c0000000)
 ParOldGen       total 1203200K, used 829823K [0x00000006c0000000, 0x0000000709700000, 0x000000076ab00000)
  object space 1203200K, 68% used [0x00000006c0000000,0x00000006f2a5fcc0,0x0000000709700000)
 Metaspace       used 7571K, capacity 7960K, committed 8192K, reserved 1056768K
  class space    used 686K, capacity 720K, committed 768K, reserved 1048576K
Event: 41.204 GC heap after
Heap after GC invocations=41 (full 7):
 PSYoungGen      total 931840K, used 73013K [0x000000076ab00000, 0x00000007c0000000, 0x00000007c0000000)
  eden space 465920K, 0% used [0x000000076ab00000,0x000000076ab00000,0x0000000787200000)
  from space 465920K, 15% used [0x00000007a3900000,0x00000007a804d770,0x00000007c0000000)
  to   space 465920K, 0% used [0x0000000787200000,0x0000000787200000,0x00000007a3900000)
 ParOldGen       total 1203200K, used 904965K [0x00000006c0000000, 0x0000000709700000, 0x000000076ab00000)
  object space 1203200K, 75% used [0x00000006c0000000,0x00000006f73c1640,0x0000000709700000)
 Metaspace       used 7571K, capacity 7960K, committed 8192K, reserved 1056768K
  class space    used 686K, capacity 720K, committed 768K, reserved 1048576K
}
Event: 41.621 GC heap before
{Heap before GC invocations=42 (full 7):
 PSYoungGen      total 931840K, used 538933K [0x000000076ab00000, 0x00000007c0000000, 0x00000007c0000000)
  eden space 465920K, 100% used [0x000000076ab00000,0x0000000787200000,0x0000000787200000)
  from space 465920K, 15% used [0x00000007a3900000,0x00000007a804d770,0x00000007c0000000)
  to   space 465920K, 0% used [0x0000000787200000,0x0000000787200000,0x00000007a3900000)
 ParOldGen       total 1203200K, used 904965K [0x00000006c0000000, 0x0000000709700000, 0x000000076ab00000)
  object space 1203200K, 75% used [0x00000006c0000000,0x00000006f73c1640,0x0000000709700000)
 Metaspace       used 7571K, capacity 7960K, committed 8192K, reserved 1056768K
  class space    used 687K, capacity 720K, committed 768K, reserved 1048576K
Event: 41.702 GC heap after
Heap after GC invocations=42 (full 7):
 PSYoungGen      total 931840K, used 70680K [0x000000076ab00000, 0x00000007c0000000, 0x00000007c0000000)
  eden space 465920K, 0% used [0x000000076ab00000,0x000000076ab00000,0x0000000787200000)
  from space 465920K, 15% used [0x0000000787200000,0x000000078b706148,0x00000007a3900000)
  to   space 465920K, 0% used [0x00000007a3900000,0x00000007a3900000,0x00000007c0000000)
 ParOldGen       total 1203200K, used 975301K [0x00000006c0000000, 0x0000000709700000, 0x000000076ab00000)
  object space 1203200K, 81% used [0x00000006c0000000,0x00000006fb8716a8,0x0000000709700000)
 Metaspace       used 7571K, capacity 7960K, committed 8192K, reserved 1056768K
  class space    used 687K, capacity 720K, committed 768K, reserved 1048576K
}
Event: 42.108 GC heap before
{Heap before GC invocations=43 (full 7):
 PSYoungGen      total 931840K, used 536600K [0x000000076ab00000, 0x00000007c0000000, 0x00000007c0000000)
  eden space 465920K, 100% used [0x000000076ab00000,0x0000000787200000,0x0000000787200000)
  from space 465920K, 15% used [0x0000000787200000,0x000000078b706148,0x00000007a3900000)
  to   space 465920K, 0% used [0x00000007a3900000,0x00000007a3900000,0x00000007c0000000)
 ParOldGen       total 1203200K, used 975301K [0x00000006c0000000, 0x0000000709700000, 0x000000076ab00000)
  object space 1203200K, 81% used [0x00000006c0000000,0x00000006fb8716a8,0x0000000709700000)
 Metaspace       used 7571K, capacity 7960K, committed 8192K, reserved 1056768K
  class space    used 687K, capacity 720K, committed 768K, reserved 1048576K
Event: 42.191 GC heap after
Heap after GC invocations=43 (full 7):
 PSYoungGen      total 931840K, used 73757K [0x000000076ab00000, 0x00000007c0000000, 0x00000007c0000000)
  eden space 465920K, 0% used [0x000000076ab00000,0x000000076ab00000,0x0000000787200000)
  from space 465920K, 15% used [0x00000007a3900000,0x00000007a8107600,0x00000007c0000000)
  to   space 465920K, 0% used [0x0000000787200000,0x0000000787200000,0x00000007a3900000)
 ParOldGen       total 1203200K, used 1043559K [0x00000006c0000000, 0x0000000709700000, 0x000000076ab00000)
  object space 1203200K, 86% used [0x00000006c0000000,0x00000006ffb19cf8,0x0000000709700000)
 Metaspace       used 7571K, capacity 7960K, committed 8192K, reserved 1056768K
  class space    used 687K, capacity 720K, committed 768K, reserved 1048576K
}

